<?xml version="1.0" encoding="UTF-8"?>
<robot generator="Robot 7.2 (Python 3.13.1 on win32)" generated="2025-01-26T11:13:34.548813" rpa="false" schemaversion="5">
<suite id="s1" name="Login" source="D:\Sanbercode\QA Batch 63\Sanber63-Mobile\Suites\login.robot">
<test id="s1-t1" name="User should be able to login with valid data" line="11">
<kw name="Run Keywords" owner="BuiltIn" type="SETUP">
<kw name="Open Flight Application" owner="base">
<kw name="Open Application" owner="AppiumLibrary">
<arg>remote_url=http://127.0.0.1:4723/wd/hub</arg>
<arg>platformName=Android</arg>
<arg>platformVersion=14.0</arg>
<arg>deviceName=RRCT401SNQK</arg>
<arg>appPackage=com.example.myapplication</arg>
<arg>appActivity=com.example.myapplication.MainActivity</arg>
<doc>Opens a new application to given Appium server.
Capabilities of appium server, Android and iOS,
Please check https://appium.io/docs/en/2.1/cli/args/
| *Option*            | *Man.* | *Description*     |
| remote_url          | Yes    | Appium server url |
| alias               | no     | alias             |
| strict_ssl          | No     | allows you to send commands to an invalid certificate host like a self-signed one. |</doc>
<status status="PASS" start="2025-01-26T11:13:34.793416" elapsed="9.103587"/>
</kw>
<status status="PASS" start="2025-01-26T11:13:34.793230" elapsed="9.104032"/>
</kw>
<kw name="Verify Home Screen Appears" owner="homePage">
<kw name="Wait Until Element Is Visible" owner="AppiumLibrary">
<msg time="2025-01-26T11:13:44.850566" level="INFO">xpath criteria: //android.widget.ImageView[@resource-id="com.example.myapplication:id/imageView4"]</msg>
<arg>locator=${app_icon_image}</arg>
<doc>Waits until element specified with `locator` is visible.</doc>
<status status="PASS" start="2025-01-26T11:13:43.897967" elapsed="0.952694"/>
</kw>
<status status="PASS" start="2025-01-26T11:13:43.897568" elapsed="0.953175"/>
</kw>
<arg>Open Flight Application</arg>
<arg>AND</arg>
<arg>Verify Home Screen Appears</arg>
<doc>Executes all the given keywords in a sequence.</doc>
<status status="PASS" start="2025-01-26T11:13:34.792989" elapsed="10.057793"/>
</kw>
<kw name="Click Sign In Button On Homescreen" owner="homePage">
<kw name="Click Element" owner="AppiumLibrary">
<msg time="2025-01-26T11:13:44.852217" level="INFO">Clicking element '//android.widget.Button[@resource-id="com.example.myapplication:id/login"]'.</msg>
<msg time="2025-01-26T11:13:45.044807" level="INFO">xpath criteria: //android.widget.Button[@resource-id="com.example.myapplication:id/login"]</msg>
<arg>locator=//android.widget.Button[@resource-id="com.example.myapplication:id/login"]</arg>
<doc>Click element identified by `locator`.</doc>
<status status="PASS" start="2025-01-26T11:13:44.851349" elapsed="0.193537"/>
</kw>
<status status="PASS" start="2025-01-26T11:13:44.851124" elapsed="0.193832"/>
</kw>
<kw name="Input Username" owner="loginPage">
<kw name="Wait Until Element Is Visible" owner="AppiumLibrary">
<msg time="2025-01-26T11:13:46.530641" level="INFO">xpath criteria: //android.widget.EditText[@resource-id="com.example.myapplication:id/username"]
xpath criteria: //android.widget.EditText[@resource-id="com.example.myapplication:id/username"]</msg>
<arg>${username_login_input}</arg>
<doc>Waits until element specified with `locator` is visible.</doc>
<status status="PASS" start="2025-01-26T11:13:45.045490" elapsed="1.485224"/>
</kw>
<kw name="Input Text" owner="AppiumLibrary">
<msg time="2025-01-26T11:13:46.531673" level="INFO">Typing text 'support@ngendigital.com' into text field '//android.widget.EditText[@resource-id="com.example.myapplication:id/username"]'</msg>
<msg time="2025-01-26T11:13:46.666426" level="INFO">xpath criteria: //android.widget.EditText[@resource-id="com.example.myapplication:id/username"]</msg>
<arg>${username_login_input}</arg>
<arg>${username}</arg>
<doc>Types the given `text` into text field identified by `locator`.</doc>
<status status="PASS" start="2025-01-26T11:13:46.530847" elapsed="0.135653"/>
</kw>
<arg>username=support@ngendigital.com</arg>
<status status="PASS" start="2025-01-26T11:13:45.045243" elapsed="1.621329"/>
</kw>
<kw name="Input Password" owner="loginPage">
<kw name="Input Text" owner="AppiumLibrary">
<msg time="2025-01-26T11:13:46.668128" level="INFO">Typing text 'abc123' into text field '//android.widget.EditText[@resource-id="com.example.myapplication:id/password"]'</msg>
<msg time="2025-01-26T11:13:47.191485" level="INFO">xpath criteria: //android.widget.EditText[@resource-id="com.example.myapplication:id/password"]</msg>
<arg>//android.widget.EditText[@resource-id="com.example.myapplication:id/password"]</arg>
<arg>abc123</arg>
<doc>Types the given `text` into text field identified by `locator`.</doc>
<status status="PASS" start="2025-01-26T11:13:46.667225" elapsed="0.524350"/>
</kw>
<status status="PASS" start="2025-01-26T11:13:46.666951" elapsed="0.524707"/>
</kw>
<kw name="Click Sign In Button on Login Screen" owner="loginPage">
<kw name="Click Element" owner="AppiumLibrary">
<msg time="2025-01-26T11:13:47.193049" level="INFO">Clicking element '//android.widget.Button[@resource-id="com.example.myapplication:id/signIn"]'.</msg>
<msg time="2025-01-26T11:13:47.904104" level="INFO">xpath criteria: //android.widget.Button[@resource-id="com.example.myapplication:id/signIn"]</msg>
<arg>//android.widget.Button[@resource-id="com.example.myapplication:id/signIn"]</arg>
<doc>Click element identified by `locator`.</doc>
<status status="PASS" start="2025-01-26T11:13:47.192225" elapsed="0.711949"/>
</kw>
<status status="PASS" start="2025-01-26T11:13:47.192005" elapsed="0.712235"/>
</kw>
<kw name="Verify User Successfully Login" owner="loginPage">
<kw name="Wait Until Element Is Visible" owner="AppiumLibrary">
<msg time="2025-01-26T11:13:49.251505" level="INFO">xpath criteria: //android.widget.TextView[@resource-id="com.example.myapplication:id/textView"]
xpath criteria: //android.widget.TextView[@resource-id="com.example.myapplication:id/textView"]</msg>
<arg>//android.widget.TextView[@resource-id="com.example.myapplication:id/textView"]</arg>
<doc>Waits until element specified with `locator` is visible.</doc>
<status status="PASS" start="2025-01-26T11:13:47.904724" elapsed="1.346854"/>
</kw>
<status status="PASS" start="2025-01-26T11:13:47.904515" elapsed="1.347129"/>
</kw>
<kw name="Close Flight Application" owner="base" type="TEARDOWN">
<kw name="Close Application" owner="AppiumLibrary">
<doc>Closes the current application and also close webdriver session.</doc>
<status status="PASS" start="2025-01-26T11:13:49.252190" elapsed="0.624332"/>
</kw>
<status status="PASS" start="2025-01-26T11:13:49.251974" elapsed="0.624668"/>
</kw>
<status status="PASS" start="2025-01-26T11:13:34.792151" elapsed="15.084723"/>
</test>
<test id="s1-t2" name="User should be able to login with invalid data" line="18">
<kw name="Run Keywords" owner="BuiltIn" type="SETUP">
<kw name="Open Flight Application" owner="base">
<kw name="Open Application" owner="AppiumLibrary">
<arg>remote_url=http://127.0.0.1:4723/wd/hub</arg>
<arg>platformName=Android</arg>
<arg>platformVersion=14.0</arg>
<arg>deviceName=RRCT401SNQK</arg>
<arg>appPackage=com.example.myapplication</arg>
<arg>appActivity=com.example.myapplication.MainActivity</arg>
<doc>Opens a new application to given Appium server.
Capabilities of appium server, Android and iOS,
Please check https://appium.io/docs/en/2.1/cli/args/
| *Option*            | *Man.* | *Description*     |
| remote_url          | Yes    | Appium server url |
| alias               | no     | alias             |
| strict_ssl          | No     | allows you to send commands to an invalid certificate host like a self-signed one. |</doc>
<status status="PASS" start="2025-01-26T11:13:49.878659" elapsed="7.578932"/>
</kw>
<status status="PASS" start="2025-01-26T11:13:49.878438" elapsed="7.579278"/>
</kw>
<kw name="Verify Home Screen Appears" owner="homePage">
<kw name="Wait Until Element Is Visible" owner="AppiumLibrary">
<msg time="2025-01-26T11:13:58.767424" level="INFO">xpath criteria: //android.widget.ImageView[@resource-id="com.example.myapplication:id/imageView4"]</msg>
<arg>locator=${app_icon_image}</arg>
<doc>Waits until element specified with `locator` is visible.</doc>
<status status="PASS" start="2025-01-26T11:13:57.458162" elapsed="1.309581"/>
</kw>
<status status="PASS" start="2025-01-26T11:13:57.457918" elapsed="1.309927"/>
</kw>
<arg>Open Flight Application</arg>
<arg>AND</arg>
<arg>Verify Home Screen Appears</arg>
<doc>Executes all the given keywords in a sequence.</doc>
<status status="PASS" start="2025-01-26T11:13:49.878133" elapsed="8.889757"/>
</kw>
<kw name="Click Sign In Button On Homescreen" owner="homePage">
<kw name="Click Element" owner="AppiumLibrary">
<msg time="2025-01-26T11:13:58.769377" level="INFO">Clicking element '//android.widget.Button[@resource-id="com.example.myapplication:id/login"]'.</msg>
<msg time="2025-01-26T11:13:58.960125" level="INFO">xpath criteria: //android.widget.Button[@resource-id="com.example.myapplication:id/login"]</msg>
<arg>locator=//android.widget.Button[@resource-id="com.example.myapplication:id/login"]</arg>
<doc>Click element identified by `locator`.</doc>
<status status="PASS" start="2025-01-26T11:13:58.768553" elapsed="0.191650"/>
</kw>
<status status="PASS" start="2025-01-26T11:13:58.768299" elapsed="0.191981"/>
</kw>
<kw name="Input Username" owner="loginPage">
<kw name="Wait Until Element Is Visible" owner="AppiumLibrary">
<msg time="2025-01-26T11:14:00.521733" level="INFO">xpath criteria: //android.widget.EditText[@resource-id="com.example.myapplication:id/username"]
xpath criteria: //android.widget.EditText[@resource-id="com.example.myapplication:id/username"]</msg>
<arg>${username_login_input}</arg>
<doc>Waits until element specified with `locator` is visible.</doc>
<status status="PASS" start="2025-01-26T11:13:58.961182" elapsed="1.560626"/>
</kw>
<kw name="Input Text" owner="AppiumLibrary">
<msg time="2025-01-26T11:14:00.522769" level="INFO">Typing text 'support123@ngendigital.com' into text field '//android.widget.EditText[@resource-id="com.example.myapplication:id/username"]'</msg>
<msg time="2025-01-26T11:14:00.692405" level="INFO">xpath criteria: //android.widget.EditText[@resource-id="com.example.myapplication:id/username"]</msg>
<arg>${username_login_input}</arg>
<arg>${username}</arg>
<doc>Types the given `text` into text field identified by `locator`.</doc>
<status status="PASS" start="2025-01-26T11:14:00.521940" elapsed="0.170537"/>
</kw>
<arg>username=support123@ngendigital.com</arg>
<status status="PASS" start="2025-01-26T11:13:58.960751" elapsed="1.731798"/>
</kw>
<kw name="Input Password" owner="loginPage">
<kw name="Input Text" owner="AppiumLibrary">
<msg time="2025-01-26T11:14:00.694353" level="INFO">Typing text 'abc123' into text field '//android.widget.EditText[@resource-id="com.example.myapplication:id/password"]'</msg>
<msg time="2025-01-26T11:14:01.390830" level="INFO">xpath criteria: //android.widget.EditText[@resource-id="com.example.myapplication:id/password"]</msg>
<arg>//android.widget.EditText[@resource-id="com.example.myapplication:id/password"]</arg>
<arg>abc123</arg>
<doc>Types the given `text` into text field identified by `locator`.</doc>
<status status="PASS" start="2025-01-26T11:14:00.693263" elapsed="0.697671"/>
</kw>
<status status="PASS" start="2025-01-26T11:14:00.692901" elapsed="0.698139"/>
</kw>
<kw name="Click Sign In Button on Login Screen" owner="loginPage">
<kw name="Click Element" owner="AppiumLibrary">
<msg time="2025-01-26T11:14:01.392578" level="INFO">Clicking element '//android.widget.Button[@resource-id="com.example.myapplication:id/signIn"]'.</msg>
<msg time="2025-01-26T11:14:02.022682" level="INFO">xpath criteria: //android.widget.Button[@resource-id="com.example.myapplication:id/signIn"]</msg>
<arg>//android.widget.Button[@resource-id="com.example.myapplication:id/signIn"]</arg>
<doc>Click element identified by `locator`.</doc>
<status status="PASS" start="2025-01-26T11:14:01.391759" elapsed="0.630997"/>
</kw>
<status status="PASS" start="2025-01-26T11:14:01.391447" elapsed="0.631378"/>
</kw>
<kw name="Verify User Successfully Login" owner="loginPage">
<kw name="Wait Until Element Is Visible" owner="AppiumLibrary">
<msg time="2025-01-26T11:14:07.697749" level="INFO">&lt;?xml version='1.0' encoding='UTF-8' standalone='yes' ?&gt;
&lt;hierarchy index="0" class="hierarchy" rotation="0" width="1080" height="2167"&gt;
  &lt;android.widget.FrameLayout index="0" package="com.example.myapplication" class="android.widget.FrameLayout" text="" checkable="false" checked="false" clickable="false" enabled="true" focusable="false" focused="false" long-clickable="false" password="false" scrollable="false" selected="false" bounds="[0,0][1080,2167]" displayed="true"&gt;
    &lt;android.widget.LinearLayout index="0" package="com.example.myapplication" class="android.widget.LinearLayout" text="" checkable="false" checked="false" clickable="false" enabled="true" focusable="false" focused="false" long-clickable="false" password="false" scrollable="false" selected="false" bounds="[0,0][1080,2167]" displayed="true"&gt;
      &lt;android.widget.FrameLayout index="0" package="com.example.myapplication" class="android.widget.FrameLayout" text="" checkable="false" checked="false" clickable="false" enabled="true" focusable="false" focused="false" long-clickable="false" password="false" scrollable="false" selected="false" bounds="[0,98][1080,2167]" displayed="true"&gt;
        &lt;android.widget.LinearLayout index="0" package="com.example.myapplication" class="android.widget.LinearLayout" text="" resource-id="com.example.myapplication:id/action_bar_root" checkable="false" checked="false" clickable="false" enabled="true" focusable="false" focused="false" long-clickable="false" password="false" scrollable="false" selected="false" bounds="[0,98][1080,2167]" displayed="true"&gt;
          &lt;android.widget.FrameLayout index="0" package="com.example.myapplication" class="android.widget.FrameLayout" text="" resource-id="android:id/content" checkable="false" checked="false" clickable="false" enabled="true" focusable="false" focused="false" long-clickable="false" password="false" scrollable="false" selected="false" bounds="[0,98][1080,2167]" displayed="true"&gt;
            &lt;android.view.ViewGroup index="0" package="com.example.myapplication" class="android.view.ViewGroup" text="" checkable="false" checked="false" clickable="false" enabled="true" focusable="false" focused="false" long-clickable="false" password="false" scrollable="false" selected="false" bounds="[0,98][1080,2167]" displayed="true"&gt;
              &lt;android.view.ViewGroup index="0" package="com.example.myapplication" class="android.view.ViewGroup" text="" resource-id="com.example.myapplication:id/toolbar" checkable="false" checked="false" clickable="false" enabled="true" focusable="false" focused="false" long-clickable="false" password="false" scrollable="false" selected="false" bounds="[0,98][1080,388]" displayed="true" /&gt;
              &lt;android.widget.ImageView index="1" package="com.example.myapplication" class="android.widget.ImageView" text="" resource-id="com.example.myapplication:id/imageView3" checkable="false" checked="false" clickable="false" enabled="true" focusable="false" focused="false" long-clickable="false" password="false" scrollable="false" selected="false" bounds="[7,98][257,367]" displayed="true" /&gt;
              &lt;android.widget.LinearLayout index="2" package="com.example.myapplication" class="android.widget.LinearLayout" text="" resource-id="com.example.myapplication:id/linearLayout" checkable="false" checked="false" clickable="false" enabled="true" focusable="false" focused="false" long-clickable="false" password="false" scrollable="false" selected="false" bounds="[4,542][1076,1290]" displayed="true"&gt;
                &lt;android.widget.TextView index="0" package="com.example.myapplication" class="android.widget.TextView" text="Enter username" resource-id="com.example.myapplication:id/textView2" checkable="false" checked="false" clickable="false" enabled="true" focusable="false" focused="false" long-clickable="false" password="false" scrollable="false" selected="false" bounds="[4,542][1076,649]" displayed="true" /&gt;
                &lt;android.widget.EditText index="1" package="com.example.myapplication" class="android.widget.EditText" text="support123@ngendigital.com" resource-id="com.example.myapplication:id/username" checkable="false" checked="false" clickable="true" enabled="true" focusable="true" focused="false" long-clickable="true" password="false" scrollable="false" selected="false" bounds="[4,649][1076,868]" displayed="true" /&gt;
                &lt;android.widget.TextView index="2" package="com.example.myapplication" class="android.widget.TextView" text="Enter password" resource-id="com.example.myapplication:id/textView5" checkable="false" checked="false" clickable="false" enabled="true" focusable="false" focused="false" long-clickable="false" password="false" scrollable="false" selected="false" bounds="[4,868][1076,1000]" displayed="true" /&gt;
                &lt;android.widget.EditText index="3" package="com.example.myapplication" class="android.widget.EditText" text="••••••" resource-id="com.example.myapplication:id/password" checkable="false" checked="false" clickable="true" enabled="true" focusable="true" focused="false" long-clickable="true" password="true" scrollable="false" selected="false" bounds="[4,1000][1076,1250]" displayed="true" /&gt;
              &lt;/android.widget.LinearLayout&gt;
              &lt;android.widget.Button index="3" package="com.example.myapplication" class="android.widget.Button" text="Sign In" resource-id="com.example.myapplication:id/signIn" checkable="false" checked="false" clickable="true" enabled="true" focusable="true" focused="false" long-clickable="false" password="false" scrollable="false" selected="false" bounds="[454,1379][623,1514]" displayed="true" /&gt;
            &lt;/android.view.ViewGroup&gt;
          &lt;/android.widget.FrameLayout&gt;
        &lt;/android.widget.LinearLayout&gt;
      &lt;/android.widget.FrameLayout&gt;
    &lt;/android.widget.LinearLayout&gt;
  &lt;/android.widget.FrameLayout&gt;
&lt;/hierarchy&gt;</msg>
<kw name="Capture Page Screenshot" owner="AppiumLibrary">
<msg time="2025-01-26T11:14:08.377164" level="INFO" html="true">&lt;/td&gt;&lt;/tr&gt;&lt;tr&gt;&lt;td colspan="3"&gt;&lt;img src="data:image/png;base64, iVBORw0KGgoAAAANSUhEUgAABDgAAAlgCAYAAABtGofVAAAAAXNSR0IArs4c6QAAAARzQklUCAgI
CHwIZIgAACAASURBVHic7N15XFT1/j/w1xlmBhhQkEVEZREXFEFF0RRUXEtR0dJSKi2te9Us61Yu
Lfa7ZXUry2+Lpt1btlgu96oprpmWqJD7iiiuLG7IIuuwzcz5/THMYQaGfVimXs/Hw8fDmTlzzuEw
w8x5nc/n/RYwdZwIIiIiIiIiIiIrJmvuHSAiIiIiIiIiaigGHERERERERERk9RhwEBEREREREZHV
Y8BBRERERERERFaPAQcRERERERERWT0GHERERERERERk9RhwEBEREREREZHVY8BBRERERERERFaP
AQcRERERERERWT0GHERERERERERk9RhwEBEREREREZHVY8BBRERERERERFaPAQcRERERERERWT0G
HERERERERERk9RhwEBEREREREZHVY8BBRERERERERFaPAQcRERERERERWT0GHERERERERERk9Rhw
EBEREREREZHVY8BBRERERERERFaPAQcRERERERERWT0GHERERERERERk9RhwEBEREREREZHVY8BB
RERERERERFaPAQcRERERERERWT0GHERERERERERk9RhwEBEREREREZHVY8BBRERERERERFaPAQcR
ERERERERWT0GHERERERERERk9RhwEBEREREREZHVY8BBRERERERERFaPAQcRERERERERWT0GHERE
RERERERk9RhwEBEREREREZHVY8BBRERERERERFaPAQcRERERERERWT0GHERERERERERk9RhwEBER
EREREZHVY8BBRERERERERFZP3tw7QNSYXMZPguvDkyvdr8nKQtJrr0LUlDbDXhEREREREZGlMeCg
Pz0BgBsE2Arl92kVctgoHZFZdB/3W8C7QBAEqJS2aGVvDzuFEg62tnB2cERuoRq5ajUKS0qQV6RG
UWkpRFFs7t0lIiIiIiJqcVrAqR1R41IC+MjWAQPkivI7BTuIoi/+lZmPd9qWQidU+fRGIwgC2rZ2
wqBu3TF10FB0b98Rzg4OUNnaQi6zkZYr1WqRX1SI7IICnE2+gf8eOYQT168gKz+/2cMOQRDg1qo1
Ar180M65DVrbq+CkUsFWrkBhSQmy1QXILVQjNTMdF1JTkFuobtb9JSIiIiJqKWxkMrRv44Je3p3g
pHKo9HiOugDnUm7g9v0saHW6ZthD68OAo4EUNnLYKuQo1WpRXFq/6Q6WWEdzbcOwXoP8oiKLrduS
bARAYXyHnR3EUaHo/e9EKMVSFDVhwCEIArxd3TEtdCgmhgxEV8/2kAlV74DCxgZtHBzRxsERndp6
YHy//rh06yY2H43D/44cxp3srKbb+TJyGxs82CsYD/Xui17eneDq2AoOdnZQyuWwlStgI5NBo9Oi
uFSDEk0p8goLkZmfh+PXLmP7yWM4ejWRf6SJiKhFC/L2RaCXD9bHxjT3rlTLwdYOAFBQ3DK/gxlY
y/G0Rh1cXAEAt7IyG20bHV3cMKxnEDq5e8DRzh55RYW4m30fR68m4nxKUo3Pr3jO0BDFpRqUajVV
biciOAR9fP3grHJAtroAZ5KuY9fpE1U+pyaOdnbS/y19LuXfviPemzoDXdp5Qm5jU+lxjVaLK3dv
482Na5FwM8Vi2/0zY8BRT57OLvjHuImYFhoOB1tbHEg4j8nL32/ydTTnNhzt7LD39Xfh376DdN8z
X32GrcePWGT9jUoAhAlDMXjHAbiUJOC2rGlGQtgrlRjfdwBeGf8wurZrL92v1emQo1YjMz8Xt7Iy
kZ6bg8KSEqhsbeHh5Iz2bVzh4ugIJ5UD5DIbBHr5INDLBxP6DcD/7dqKX86eapLAQCYICO7UGe88
+iQGdOkGmSBAFIFSrQZnk2/gZlYGUjLSoS4uRmuVCj5ubeHXth26tW8PL1d3BPv64enwUdh1+gTe
3rwOKRnpjb7PRETWzknlgBx1QXPvRrW83dyr/ZtuyZ9hzuixaG2vAgB8FL250uMRwSEI9PIBAGyI
O1ivz5ogb19se3UJnFQqxKcm1+oErjm0cXBEkLcvAOB8ShLuF+TXeR3WfjxXzpqLaaFDAQCRy5Yi
NjHB5HFvN3csjJyMqNBw6b6UjHSsj4vBV/v2tPj3Vk0CvXzwyviHAQBf7t2J49euWHT9Q3sE4uVx
kzCwa3cozJyAiyKQcCsF38Xsw5rff61yPVNDh+Czp/5ukX36fM92vL1pXaX7nxg8DIsip0iBj7Fb
WZn4MHoTfjp8oE7b+vDxmXh2xIPS7dc3/ICv9u2u+05XwcXREYO6mT+2Bu6tneDi6Gixbf7ZMeCo
I7dWrfHi2Eg8MXg4nFSqZltHS9jGJ9OfNQk3rE5rB7jOfhQTvvgEXyGv0TfXyt4eiyKn4O8jx8BG
pm9gpNXpkJR+D1uOxeFAwnmcS7kBdXFxpeeqbG3Rt1NnjA4KxoR+A+Dl6g6ZIKBvp874z9/n4/92
bsXKvTtQWFLSaPvv7eaO5x8aj8fDhsFGJsO1tDv44/IlHEg4j9jEBGTm55mdMiMTBHRwccWQ7oEY
FhCEkM5dML5ff4wK6oPP90Tjx0O/Iy0nu9H2m4ioqTmpHPDetOmICg3Hh9GbzJ401tac0WPx3tQZ
SMlIx4wvlzfKiXaglw+8XN2x+8yJOj/XSeWAFTPnICI4BG9s/AGrf638xT8qLBzvTZ0BAAhePL/B
J5Term0xe9QYAMDuMycrHZP3pz0FL1c35Baq633sA718pO9P215dYpH9bgy+7h7wcWsLACgsKa7X
ya01H88w/wAp3DDHOFgx5u3mjkWRUxDRpz+GvbO4wfvRnB4ZEIrIfg8AAO4X5Fs04HgpYiIWRk6G
rVxR5TKCAPTs6I1lT8zCmN79MOfrlcjKb/zv1RW9PG4SXpv0WJWjoju4uOLTp/4ODydnLN+5tVbr
HNojEDOGjpBuH7x4waLhBgDIBFm14QagH80tE9j8tLYYcNRSa3sVXhwbielDR8DVsVWzraMlbAMA
/jbyIUweENZo628qwtC+eCl3JtZt/BJ59Ry2Vhsujq3wyfRnEBEcIoUb19Lu4tNd2/DLuZPILiio
dgSGurgYhy8l4MiVRHy5dycigkPwUsQkdGjjCjuFAgsiH0EHF1f8c9M6i38Bs5HJEOYfgJfHTUKY
fwCupd3B9pPHsO3EEcSnJtf4fJ0oIjUzA+tiD2BDXAwGdu2OiSEDMb5vf7w28TF0b98RX+zZjvjU
ZOhYQJWIrJyTygHbXl2CIG/9Fe9FkVPqfdUbgBQMeLu5Y9urSzDx46UWDTkCvXxw4K0PIAjA+rgY
PL9mda2fG+YfgLXzXpFOHgf796wUcEQEh2DFzDkm26t4hb2u1sfFSCfkYf49TI6Ht5s7vFzd9MvF
HqzTeqPCwhHRJwTTV36C9bExcFKp8N7UGXBSqTBn1Fh8GL2pQfvdGIyv6rZxqN8VXms+nsavLXO+
eHqO9Pr8at8e7Dx9HAAwd3QExvbphyBvHyyKnGJ2XyKCQ+Dl6o4NcQdbZLhl0KtsBA8AdPFoX82S
dfPW5Ci8ODbS5L4SjQY37qUhp7AAdgolvN3c4WxUN2JkYG98N/cfePTTfzXatHv9fpiue2RgbyyY
MFkKN1Iy0vHj4d+RlH4Pndw98OSQ4fBydYNMELBgwmScTb6B/fFnq92GrUKBD6KehlKuP13OUaux
aN23Ftl/W4UCfTt1higCPTp41eo5PTp4oUSjP1c5nXStUY+vtWPAUQN7pRLzHhyPZ0Y8iLatnZpt
HS1hGwb9O3fFkkeiUE3ZCOshk8E/YgR+7NQWUZt+hPrKZcDCUz0c7eykcEMus4FOFLE+Ngaf7tqG
G+lpdSoUqtFqkZaTje9i9iPu8iW8NvFRTOg3AHKZDaLCwiFCxJKNP1psHq4gCBgdFIy3Jkehm2cH
xF2+iPd+3oizyTdQVFr30SI6UUTc5Ys4n5qEX86ewkdPzERkyAPo4OKKBT+uwQXOLSQiK1Yx3ACA
1MyMSuGGk8oBgV4+aG2vQpC3D86nJCO3UI341ORKJ1K7z5zE2D79yp6nwrZXlyBy2Tu1CpjryjCE
vzYhx6LIKVgYadqG3TDNwSDI2xcrZs6Vbm+IO9jgcAPQT8VIzcyAl6sbpg0KNwlVIoJDpP+vjzOt
9RDmH4Aw/x5IyUhH3OWLJr8X4yDGcMK7+tfdmDMqAl6ublgwYTJW79vd4k50LXFV11qP56LIKfB2
c0duobrSa8+wD4b34oa4g3h9w/fSY7GJCTjz4RfwcnXD2D4hZgOOtfNeAaAfibrq11313s/Gpqxm
dEV9jQrqg7mjI6TbxZpSfP3bXnyxZzvSc3NMlp0WOlT6XQD6kOzDx2fipe//bbLcrtMn6v1366Mn
ZqJfpy4AgKLSUmyIMw3bXhw7UQoibtxLQ+Syd3D7fnmNug1xB7F94VvwdnOHUi7H/LGRNQYc/2/y
4yYj1T/Z8TMu37lVr/03sJHJ8OYj0zB/zIQ6P/f9aTNMbn+2Oxrv/byRNe3MYMBRBYWNHHNGj8Xf
RjxUaR5XbqEaPx0+gHHB/aU3c2Otoyn2sy6cHRywYuZcONjaWmR9LYEgl2NcYG/85NsJb54+hpRT
x1GSdhfa7PvQZGfrJxfWk71SiUWRUzC2jz7cKCotxcpfduDjHVukFLY+RFFE4u2bmLdmFe7lZmPW
sAehsLHBtNChuJ2VhY93bKn3uo11bdcerz/8GLp5dsAv507i7/9eAXVJcYO7t+QVFuL3hHMY+e4b
WPfCAjzQxR/vRz2FKcv/Ve8CUEREzSnQywdr571i8nmbW6jG9JWfANCHGmP79MOcUREmAUhF51OS
sXrfLuw+cxI56gLMW7MK0QuWSDUQnFQqbFuwBBOXLbVIyBGfmowNf8RI4UZNIYeTygE/zHsZg/0D
ql2vYcSJ4er57jMn8fy3tR8dUpNdp09g9qgxCPL2ManvEdGnPwB9sGQYiRDk7Ysvnp5T6biv3rcb
b2z4AQAQm3hROsmfPWqsdPL9YfQmrJg5B4KgP2H+sxbItLbjaairAQCrf91dKWwDgHHB/aX/rzOz
ndc3fI8gL99K91dkLjz5s3v70SekwKBYU4q/ffWFNPqlog1xBxF3+SI2v/w6/Nq2AwA8Nmgwvo/Z
j9NJ16TlsvLz6jV1pZe3L3p5d5Ju7zp9HDfupUm3O7q4YVC37tLtT3dvMwk3AOBmVgY+3b0Ny6c/
CwAI7dYD7du4VFrOYHD3ADw9bKR0+3BiAlbu3VHnfa9oYeTkeoUb5rw4NhIlGg0+2PY/i6zvz4ST
earg2aYNFk981CQ0KNaUYl1sDMLfXow3N65FqVbb6Otoiv2si8+emo0u7TwB6M/7P9+z3WLrbk42
goCJjq3x6+CRmDZ7Prq89hbcpj4BQVH/VFwQBIzvOwCzR42FwkY/cuPLvTvx/tb/NijcMFZQXITX
N/yAHw7thygCtnIF5j4YgSHdezZ43Q62dnh36nT4t++APWdP4ukvP0VBcZHFWtOKoogcdQFe+HY1
jl+/jNBuPfD507Nhr1RaZP1ERE3JXLgRuUw/nSQqLBynP/gcK2fNrTbcAIAgbx+snDUXpz/4HFFh
4chRFyCyQpjhrHKQri5bwvNrVptcEY0KDceKWZWH/kcEh+D0B5/XGG4AwJxREVK4EZ+ajHlrVlm0
tbnxaALDKAMnlQPC/HsA0J+wG6yYqT8Zzy1U46t9e7D7zMmyfRyLOaPHAoB08q1fj0pap/F6jE+Y
WwpLjaa1tuP5RdnokK/27cHhKkYFebmWvx/NjRzadfoEPozeVOVUmb/qrNnRQcHo3r6jdPvbA/uq
DDcMUjLSsXjdd9Ixs5Ur8PK4SRbZn+cfmiDVqNDotFjxi2nQEB4QKE1NUZcU439HDptdz4a4g1Kt
OpkgIDwgyOxyhqkphrojuYVqLF73nUV+llfHP2KR9RgsmGDZ9f1ZMOCoQkpGOnaVvZk1Oi12nDqO
Ue++iRe+XV3rebSWWEdL2IbB/DGRGN+3/MNo7aHf8PuFcxbdRnMSBAGeMhlW2ztifysX/Ci0xhuZ
CgQU1+9t4u3qjlfGPyzV3Pjp8AEs225anEsQBNjIZBAa8A1Fo9Vi0U/fIfZyAkRR/8X3vWkz6j0X
12DW8NEY0bM3jl+7gne3bGi0kRVJ6Wn4KHozktPv4bFBgzGhrFAWEZG10NcpqBxupGSkY+28V7Bi
5pw6F/x2UqmwYuYcKcioGHJ4u7nDyWjue0PNW7PKZIRFVGh4WX2N8m2kZmbU+oTa+OddHxdj8akd
hmkVQPmJsrnpFGH+AdLol3lrVuH1Dd/jyRUfSyfl0waVd9YwPvk2hDg56gLEJl4E0HxX8ju19cDw
nr0a/LleHWs6nlFh4RjsH4DcQnWd63gYRn5U/Afof97Mr9dL/wyv9YWRk6X7ohe81aDvbPVleA04
O1juPV+V0b36SP8v0WiwYk/tRi7sjz9r8jdqSI+eJu1V66NTWw+MMzr3+P3CeZxNvmGyjKezi/T/
21lZVdamKC4tNWmj276Ni9nl3nh4qkldjE93bcPFW6n12n9qHgw4qvHl3l04kHAekz5+F099ubxe
vYctsY6WsI3B3QOwaOIU6fbZ5BtYvN4yaWZLIwPgIcgwQqvAO/eUGKCu+9tEEARMDR0itYK9lnYX
n+3eZjJyw721Ez6Iehqb/vE6ljwyDa3s7eu9z6VaDRav+w43s/RfTnp29EZEcEi9P4S7t++I+WMi
kZmfi+9j9jd4zmF1dKKIQ5cuYOMfh6DV6TBr2GipoBkRkTVIyUjHV/t3QxT1IYAh3Nj26hKTk8T6
iAgOwbZXlwAAnv92tXQS+ubGtRYPDdbHxpiEHIZtG0KO8ylJiFy2FLmF6hrXZXxy++5jMxAVFl7N
0vXfX0A/3BwoP4k2nk5hPNrEeJ8MV6SNR9TkqAuk42scWBk0x2dTO+c2eOPhqfqh7RUKPlqaNRxP
J5WDVHh33ppVdX4PeLnqu6dU/AegVtNVDCNampLxa+DFsROrXdYS2UvXduV1J67evYM72eancZhz
PrW8QG0rO3tMfqBhDQnmj4mEXdloalHUt8GtyMEoRKmpm6Dx4452lb93D+rW3aQl7JErifhsd3Sd
97s+RFFEXl4eUlJSkJycjKSkJKSnp6OkETsk/lmxBkc1Tiddw+Tl7zf7Opp7G+6tnfD507OlPzBZ
+fmYt2ZVy6neKwgQbGwACPrhr7UZaaDRAjfTgPbugNLyxZncWzlhYshAAPpWsJ/t3obk9HvS4zYy
GZY8Mg1PDB4GABjY1R8HL8bjQML5em/z0u2b+PHQ71g88VEIgr4X+J6zJ5GZV/f5jvMeGg8XR0fs
jz+L3WdONHp3E41Wi69/+wVPhY9EoJcPJvR7wOyHGBFRS/XGhh+k+gMAajUdZfrKT7Dr9AlEBIdU
O+UkyNsHX8ycjRkrlyN48XwAsOh0D2OGk1xDgcggbx+pe0uOugDnU5IQ/vZirJ33inQl35ydp49j
Q9xBTAsdCkHQd7PIUReYnBQ3eF/jYrAwcrI0BcIQJq3eV3NBSONRrt5u7tLt6kba1CbYsbSOLm6Y
FDIIgqC/+PD2pnUmj1vyZWANx/P9afouLDlqNQK9fBDo5WMyNSwqbCi83dwr1fYw7FNqZrrU6jYq
LNwkZFm9bzdEiBCgTwkWTJgMQQDiLl/E4Uv6KS760bJNO3elo4sbHu4/CID514ClGY8SySqo23fI
jLxck9vBvp3xfcz+eu2Hh5MzHh4wSLp99GoiDl6Mr7RcflGh9P+apjmrjGoI5lV4/Sls5CZTU/KL
iizWNaU2cnNzER0djejoaCnUCAoKwtNPP40uXbo02X78GTDgoBqtmDlH6rGu1enw+obvm32olmBj
A5ljK9j5dYHS0xM2Tk6QKZQovZ+FnN/3QZefX/0KCoshvvklxJAewMMjIGvvDigs93YY0KUbunnq
E/Ck9HvYc/akSUjQvX1HPDZoiHRbKZdjYshAHE5MgKaeNVNEUcSWY3GYPnQEOrq4YkBnfwR6+SAm
ofKHQXW8XN3Q26cTRBH49/49yC+yTEeWigRBMPmScL8gH+9u2YCVs+Yi2NcPbRwccb+ght+jhb0w
ZgIm9R+IgA7eAICEWynYevwIvviT1JohoqYRFRaOaaFDa1zOcLJfm5P+ccH9MWf02EptWBvKSeWA
aaFDEeTtY3KVPUetlk5OK4YcKRnpiFy21KT4qTnz1qwCACnkWDFzLoIT51ts5ElKRjriU5MR6OWD
hROmSFMejI+n8RVl4+KZxiMRDCfj3m7u0jqMazYYjkOOuukDDlujWmDmpnRYcraENRzPsLLtOKlU
0sgLY1Gh4fB2bYv1sTGIT02WRlyE+QcgJSMGKRnp0rSWMP8AKeAQBAE56gIp/AD0AQcAHL6U0Kwt
gmt6DRizdPZimGZdWxUDhs4e7eq97ecfGo9WRqMs/r1/j9nlbpaNEgKADi6usFUozF6EtVcqTWoW
3jSargIArz/8mMnfs892b2uUblXm6HQ6nD17Fj/99BOuX78u3a9QKJCbm1vNM8kcTlGhai2MnIxR
QeVz8b49sK/K4j1NxdbbB+4zZsHn7ffgOWce3B55FG1GPQS38OHoNHgo2ts6wq42HZMKi3Dlx62I
fu51iK8uh7gtBuKNW0BJw0amCIKAaaFDIRMEaHU6bD4ai+wC0y9zjw0aIhVMMhgZ2BudPTwbtO3U
zAz8cvZk2X4AI3r2rvM0lT6+fmjb2glZBXk4cuVSrZ4jt7GBs4NDrT4IZYKAru3a44nBw+BeoaWx
vmuAGj06eDXpUGBfdw/sX/Ie/jnlcfTx8YNSLodSLkcfHz/8c8rj2L/kPfi6ezTZ/hCR9XJSOeDd
qdMbZd0LJ0yxaN0NQ1vb96fNQFSovq6B4V/FK++GkMOwfXPFT82Zt2aVVHPBSaWqNhCpD0NtCMNo
mfjUZJPRBPGpydJIgfemTS9b1lcKoIyLq84ZFSGdIBoKV3q7uUv73FQnO3Vh6RPaln48d50+gdjE
iyb/jNcTn5os3TYunLpwwmSLvnf+zAqKyy9subdyqmbJyjycnE1uGy6Q1lVrexWmGoXE8anJ2Hbi
iNllDySch0anvzhor1RiqtEFRGNRYeHSaHSNTosYo1HT/Tt3xd9HjpFuH792Bct3bq3XvtdHVlYW
/vjjD5NwQ6VSITQ0FN7e3k22H38WHMFBVRoV1AcvRZTP9Tt+7Qre3Li22fZHZmsHp1EPwil8OBSu
bhAA9JLZYIBMjr42cnSQ2UApK4Tmlj025yiwpG3NQcV9mQ7z7DLwzdVYzDlzCoPt26C1oyPg6gxk
59Yr7LBXKqXiRLmFahy8FF+pR3VHl8on7+3buCLErwsSb9+s8zYNSrUaHL6UgGeG6+cPBnn7wl6p
hLq4uFbPV9joT+rbODrip8MHajV6o1NbDzw1dCT823fEtbQ7+D5mP67cvW12WZkgYEiPnnhp7CSE
dO6CPy5fMumnnqMuwOHECxgV1AedPTxxPjW5SYaCfjNnPvr4+FX5eB8fP3wzZz5GLn2j0feFiKxb
VNhQONk3zomUk0qFqLChFhvFsTBycp0Ch4ojOQwhR3UjOcL8A0zqFqRmWrYA+q7TJ6SaDIDpSS2g
H01gaCMaFRoutcEFYFKkMiI4BH8fOQaCoD+ZMow4MF6+4rr/jFr68Xx9w/eV7gvzD0D0giVlj/8g
bet8ShK+2rcHs0eNgbebOw689S/EXk5ASkZ6pdelOfGpyfBxd0fsZfNdWloiQag8QrauUjLSMair
vu2qb9u28HFri+SMezU8S/8dcmDX7ib3ta5jcWWDuaMj4OrYSrr97YF9VS6blpONw5cSMKysK8pL
ERPxW/w5qS4doA/W5o8pr2Fz6OIFpOVkS/v90ROzpPCjoLgYC39aU6/9rg+tVovExETs3286lScg
IADDhw+Hmxvr0tUVAw4yq30bFyyf/qw0Dy09Nwdzv1nZaJ00aiJzcITbo9PQemAoZAoF/GQ2mCW3
xTC5Au5C+agBUbABSgW0LxWAWg5cyJaL2NFKi98cChBUpMbQbBv0vyOgQ6kMDkog26Y2w0HKtbKz
lyqdZ+blVar2DMBsAJCel4NraXfrtC1z4lOTUawpha1cAb+27eBoa1/rgMNeqYSHszPkMptaDZl2
UjngpYiJmDpoKBQ2NtDoeuGBLv5Y8t8fcfRqYqUP2KfCR2JR5BS4tmqNn4/9gaT0tErrjE28iHHB
/dHBxVU/CqaRA44XxkyoNtww6OPjhxfGTOB0FSKq1rRB4RadNlDR7JGWm6YS5OVb5301F3JM/Hip
VAjVWKCXD36Y97J0+6t9eyze4S0lIx0b4g5K02vMfXZ9GL0JKZnpmDNqrBTE7D5zUn9/2f6kZmYg
r0iN1vYqvLFRX0vF280ds0eNlR43FNr8M/uzHc8PozfBSaXCtFB9bQ5vN9Nit7mFaryxYa3ZQGDY
O4sbff9qSxQtOx2pOn9cviSNgpDLbDD3wYhatUmdPWoM2rZ2MtnXmmpimGOrUEg16gDgxr00fBdT
dcABAMt3bsXArt1hp1DAx60tdi3+JzbEHcSN9DR0cvdAVFi41DWlqLQU/7drm/TcRROnoJd3eYHZ
L/Zsxzmj16bCRo6I4BD08fWDs8oB2eoCnEm6jl2nT1jkvOj+/fs4fPgwkpLKtymTydChQwcUFBTg
7NmzAAAXFxd4eHhAWY9j+lfDgIPMWjnrOWmemkanxcKfvsWNe5VPRpuCzM4Obo9Ng1PYEMgEGUba
KPBPpQrudZwXWBO1TMRRlYijKn2gYacTYCeKKKrjJ4rK1hYOdvoiRrfuZ5oNFzb+cRAvjo2EUq5/
C2p1OnwUvQnHr11u4E+h/7BOzchAl3ae8HByhl0diqjaK5XS/M7afAkd7B+AaaFDIZfpp9vIZTbo
26kzfpj3MpZsXIvtp46hqKQEbZ2csXjio5g+ZDgA/YfVF79srzSyBQDScu4D0Be3tZHJzC5j4/SW
fgAAIABJREFUSZP6D6zTsgw4iKgqTioHi0/BqMjQHtbSHVTqomLIkV2gH8lhXBPB280d0Qvekqa6
xCZeNHv13RIMtT6qsz42plLhSWOGDjGBXj5SQUl9m1z9/jfWvtdGdV9DGuOk19qOp3Hh0IojhHLU
BZi3ZhVW79uNiD4hUg2P1Mx0HE5MwK7TJ5r1vVRbtf09i2LDCxD/fDwObzz8mDSNeMbQEThw4Tz2
lE2BNmdYQBAWlr3/Yy6el0ZTyGX6KcwVp2pX59nhD5nUyvjx8O81Pic2MQFLt6zH248+AbnMBh1c
XPHK+IcrLafRafHO5vXSKJ9+fl0wd3SE9PjJG1exbHt5HZYnBg/DosgpJvtjcCsrEx9Gb8JPhw/U
+merSKvV4urVq9i7d6/J/YIg4Pz587h3r3zkjLu7O5577jl06tSpWVoVWxMGHFTJ/5vyOIb26Cnd
XrV3F6JPHm22/XEaPgqtQ8MAQYYpciVeU6rg0ARv7CKZCP0Ejbp9UDja2Usn/Jl55gsDpWSkIzYx
AcN79gKg/4Mbn5pskZP5Uq0WGXm56NLOE0q53GwbrKrYK23hpHKAThRrHEbcvo0LXpv0qPSzGnN1
bIXPZ85GP78uOJt8A5P6D5JeUwXFxVh76DdcuWN+Gsvd7GzoRBHurZ0gExq/TJChoKillyWiv57G
DjeMt2NctLE5mBvJYXzSGhUaLp3MxqcmY/rKT5prV2vtfEqSNKogKixc+n3GJl60aPeXioK8fdGv
Uxfcy81u1O00taY6nsaFQ2uzLy1RkLcvwvx7ICUjvdlfA/lFRVi9bzeWPDINAGArV+CbOS9i9a+7
sOrXXSadUjydXfDsiAcxZ3QE7BQKFBQXY0PcQSngAFDnrotPDxsp/f9ebg6+2le7EWurf92Nu9n3
8fqkqWaLm15Lu4v3t27E1uPltTw+fHymNDWlsKQEC38q75ry8rhJeG3SY5BVcc7RwcUVnz71d3g4
Ode7Xkd2djZiYmKQmmravEGr1eL69esmNTl8fHxQWFhYcRVkBgMOMjEuuL9Jknk4MQH/bOR2VNVR
dvSC0/CRkMnkiJArsaCJwo2GcDTqx11UxR91rU6Hj7ZvxsCu3WGvVMJWrsBLERPx3Dd17+lekSiK
KNaUb7cuwwNlgiAFFtX1ElfK5XjzkWlSrRFz5DIbzBr2IEq1Gmmkiijq2xpvORaHolLz6zfcb3gO
EdFfgdvfHje5HdEnxGR6R0tUMeQwZty6c31cjFVcJTe2PjYG44L7w8vVDTO+bNxwZsGERxDi1xVp
Odk4n5KEVKOuEH8WTXk8rdGCCY9gsH9PJGfcaxGvgU93bcOAzt3wUO++AAA7hf576twHI5B07x7y
igrRxsERHV1dpenshk6LxvXbijWl1X6frOip8JHwa1seTqyPjanT87ceP4Ktx49gZGBv9O3URRo9
curGVeyPP2uy7OKJjyLYt3yK8sq9O3AmSR8ojAzsjQUTJkvhRkpGOn48/DuS0u+hk7sHnhwyHF6u
bpAJAhZMmIyzyTcqrb82CgsLceNG5ansFbm7u2PGjBnw8fHh6I1a4BkESXzdPfDx9Gek7h53su/j
hW9XN+s+OfYLgcLVDZ6CDPMVdnAyflNrdRDPXwE27QfizgL3cwH3NkBWDmBX9TobW65aLc0/tFNU
PT3k5PWr+GTHz3j9YX06/FCvfnhhzAR8FL0JJZr6z+mTyQSTUKOgDm1eizWlyC8qhEwQ4OHkLBVg
qmhsnxCMC+5vcl+2ugDOFSqUC4JpUFGiLcXKX3ZUas1lzNWxFWSCgPsF+RDrOHqmPhJupdSqBodh
WSIiS4kKC5eG+VccVr7z9PHm2KU6qyrk2HX6hNRZ493HZiBHra52SkNLNG/NKggC6jS8vj4Mn6ce
Ts7wdmvb7Ce3jaWpjmd9hPkHNOuoKMNroJe3b4t5DTzz1WdY/ezzGN+3/PuerVwB//YdKi1bWFKC
D7b9Dz8e+h1Ph48yub8uZg0bLf0/R63Gql931WPPgf3xZ6sNHPr4+mHeQ+Ok22eSr+NfW/8n3X5x
7ETp++uNe2mIXPYObt/Pkh7fEHcQ2xe+BW83dyjlcswfG1mvgMPFxQVPPfUURo0aJRWHvXHjBnbv
3o2bN/VNB5ycnDB16lRERETA0dGxztv4K2LAQZIvn5mLtmXz7Uo0Gryy9muLFwOrC5mjIxx794Mc
wAyFLXyMp0KIIsQ9scBbqyGWlEItiLimFHE3Nw0yOZCk1Fm8dVpt5RcVSaMWKrZBNabV6fBtzK8I
9e+BYQFBkAkCnn9oPPIK1fjPb79Uqt3R2cMTbq1a4+KtVOQVFVY5x1JhI5fadBWWlJi0+6pJiUYD
dYl+uz7ubc0GHB1d3DBn9Fg42tlBFIG7Offx8fYt+OnwAcwYOgKvP/wYnOwdKs0XFUVgfexB7D13
utp9cCmrmp2rVkOna/xf4tbjR2odcBgPayQiaqj3ps6AKIqIu3zR5PPWSeWA2aPGVPNMy7DUqApz
IcfO08exIe4gpoUOhSAAK2bOQY66oN7D76PCwqXA5M2Na02mGwR5+9a6Na+hG1xNy2+IO2g2kDEU
yoxPTba6wMbg/WlPoaeXNy6kplSqhWF8nGsycdnSWi0/cdlSAOWvt6iwcET0CUFrlQrxqcllrV8t
Fy5EBIcgKjQcH23fXOO0lCBvX/zw3MvwdnNHSkY6Zny5vEVPZWlKhSUleOrL5Zg+ZARmjxpjdtRu
saYUf1y+hHe3bMTppGsAAD+j6SF1CbMm9R9oMs1vy7E4k057lvTh4zOhUurr5RWVlmLRT+VFVDu6
uGFQt/JuMJ/u3mYSbgDAzawMfLp7G5ZPfxYAENqtB9q3cam0XE1UKhUGDRok3dZoNNiyZQuKyi5O
Ojg4YOrUqXjsscfg4uJStx/yL4wBBwHQ1914oIu/dFspl2PJI9Ok+XdV6ehq2rroP3+fj1fHPwJA
P8dy0bpvzT2tVhRtXKBs3x4dBBkekSthUo0hMwdY+jXE4hJcshXxD88SHFSJKBFEfYssAI1bmrJq
hlBBKXdEBxdXONjaVRkyZBcU4KXv/40N8xchoKMXFDY2eOPhqQjy9sU7m9dLX3jbtnbGN7NfRPcO
HXH5zi0s3/kz9sefRZ6ZuXhOKpVUDOn2/aw6pef5RYXIys8HAHRv3xHHrpoWPbVTKPHowMEI9PKB
ThRx5MolfLY7Wt+DXKvF9wf3IznjHl6KmIgQv67SaCAASLxzE+9u2VDjPvi37whAH5zoxMb/LX6x
Zzsm9R9YY8hxJvk6C4wSUbXq2gLVSaXCyllzG307VVkfF4OxfUIsUqgyyNsHK2fNxZMrPpbuMxSr
NJwAr5g5F8GJ8+sVrHi7umNwWYFIQzFsg9b2KumxmhieW9PycYkXy7ft5o6xffQnzUHe+hMwQ1FL
axTo5YMw/x4QzLSbMz7OtVHX5aMXvGXSnnWwfwDmjBqLr/btsVjh0ZWz5qK1vT48qS6sCPTSB3OG
WjHebu5SUMeQo9zaQ79h7aHfEOLXFWH+PdDWyRkFRUW4dT8T+8+fNWnHCsBkismNe7XvDmjosAPo
Q4cVv+xo+M6b8er4RxDi10W6vfrXXThx/Yp0OzwgUJqaoi4pxv+OHDa7ng1xB/He1BmwVyohEwSE
BwQ1OPRMSUnB0aNHkZmZCYVCgTFjxmDy5Mnw8PDg1JQ6YMBBAAB/z8rDzaqrr1AVmSBIz2vo6A9F
+44QFAr0s5HDuUKxSfHzdUBBIS7ZipjsXYxLts00XMOMvCI17hfko42DI1wcWyGkcxfEJMRXufzt
+1mY/fUKfPzkLAzo7A8bmQwP9x+EEL+u2Hw0Fr9dOIcXxkxATy9vyAQBPTt6Y9Uz85BwKwVvbFiL
I1cumawv2LezVEfj6t3bJnMha1JcWoqUjHsoKi3FhH4P4IeDv5k83qODF54cMhwyQYZvft+Lb37b
a9LyVqPVYn/8WdzMzMCzIx7CY4OGQKW0xZW7t/DP/63D/YL8GvdhSPeeyFGrceNeWqN3UDF4ZvXn
+GbO/CpDjjPJ1/HM6s+bZF+IyHqlZKQjt1AtnTA1htxCtcVGV+46fQJv/vcHLIqcUik0qA9z65i3
ZhW8XN0R5t8DTipVoxRINe6iAehPVA2hyoa4gybHKzUzXWqBCugvxpjbn8Nl9wV5++LAW/+y6P62
ZIcTE4Do8ttRYeHwKruYVVOoU9PjiyKnSOHGR9GbcT41CYsipyDQywezR43B+rgYiwQLtXktO6kc
sG3BkkrvVSeViiFHFU5cv2ISBFSln1F4cDXtTq3WPTKwN/r7dZNu7zx1HEnplu/eGOTti/ljI6Xb
51KS8ME20wK1ns7lIyVuZ2VVWSS1uLQUt7Iy0aWdJwBIbWjrS6PR4Ny5c4iLi4MoinjwwQcxc+ZM
eHl5MdyoIwYc1DIJAhTubSED0EtW4WVaXALsOwYtgH+5l7aocAPQp86nblyDX9t2aG2vwqjAPohN
vAiNVmt2eVEUkXAzBS//8DX++egTGNGzF2xkMni5uuHFsRMxa/hotLJTmVxhU8rl6OPjh17eviYB
h51CKXVmAYDTSderLOZpjk4UcTrpOjLychHarQc8nV1wJ7t8uF1Xz/awUyjw2vrv8PPxP8yOIBFF
EZdu38TSLRuwLvYA2rZ2xvV7d2vVZrhTWw/08vbFmeTrSE6/V+PylpKUnoaRS9/AC2MmYFL/gVK3
lIRbKdh6/AhHbhBRre06cxxRoeGNt34Ld1hY/eturP51N4K8fc2eGA72D8DCyMn1Xn+Qt6/JsHNL
jT4xVrGLRlhZC3MAWBcbUynAMA04EqrtwGE4JrvPnMTO08fxxdNzGqU1a0sRm5hgcrzC/AOkgKOm
TiU1PR4RHAJAHzoZlk3JSMeBtz6AIABerm5NEio4qRyw7dUlleqGlT+uDzn6vja/RdYLacnG9O4n
TXcHgD8uX6pm6XLPPThOel9pdFqs3Ns4ozc+emImHGz1U1OKNaVYvO47lGpN6945GDULqGkUtPHj
delaaE5GRgZOnz6NrKwsDBgwAI8//jj8/PwgZ9H9OuMRIwD6LwBHrybW+Xmd2rbD9CHDpdtbjx/B
uRR9NeBrabUflmaOYCODPQBPWYVWoVodoNGhSCbiV8fqr/ALNo3fZrQiURSx5VgcJvUfCLnMBhP6
PYCVe3fibvb9ap936fZNvPDtarwUMRHTQofCWaWvY1HVlQitToeLt0zbSvl5tMOIsoCjRKNBzMXz
dd7/M0nXcTf7Pjq0ccXY4H749sA+qd7H5qOxiD5xtFahSY66AKduXKv1dgVBwLMjHoLCRo6Em6nN
UmDriz3bGWYQUYOs/nU3pg0Kb7ST4NW1bJlYV1WdWMYmJiA1MwNfzJxd53UGevlg66tvSlfJK46m
sAbxqcno/OKzyFGrIYoiVsycU6/1uLVqDQAmLTb/anadPqGvt3G5PEDJLVRL75XcQrVFtmMo9G6O
IdwwTDXaEHdQGmFkqIUzLXQonFQqbH3FfIeg+mqK14AgQCpW2RzmPljeifFu9n1sO1Fz7bIHuvhj
SPee0u3958/ibHLNnUXq6h8RkzCgc/koka/27TF77pNfVH7xrqZOhKqysAQA8hr4+k1MTMSBAwcQ
EhKCefPmoXfv3gw36olHjQAAO04dq9fzhvYINAk4tp86arFCjLpCNRSCgEr5up0t4OmCzJSbSJNX
/wdcUTZsrPLKdUCp+REVlnDs6mVcSE1Bb59O6ODiign9BuCb3/ZCV8MHTnpuDt7674/YGHcQc0eP
wyMPDJKmm1S0Pi4Gx66V18iQCQKmhQ6VCpvGJiYg8fatOu97bqEaO04dQ4hfF0wfMgIHLpzH9bI5
lFqdDlpd3Spi11aglw+mDxmBzPxcHLwYX6eRJ0RELUV8ajJ2nzkhXa22pN1nTjbLsPl1sQeQrc6X
ahvUhrebO6IXvCWFG/GpyVJNjpYk1L9HpREqxtNWLHFy28vbF5MfCAMAfBezr1YjGq2RuZE+xqGW
uREehtFOuYVqnE9JbtwdhP67hmFE0Ya4g5i3ZhWiF7wlPT5vzSqIEKV6K5aaUhXi1xUT+g0AYB2v
AW83d7zz6JNoZW+Pycvfr9Vznhwy3KQeS01F5Q3mPTQONmUXM0UR9e6cUp2Ajt54KWKidPvCzRS8
//N/zS570+gCWwcXV9gqFGanqdgrlVLNOwDVdgisSVpaGg4ePAilUonJkycjJCQEimo6MVL1GHBQ
yySKKEm9qQ8iKpIJwPwoKBZ+XPkxI4JCDjvfThAAuFWo4YHiEiAzG6WNdIUtW12A/x05jN4+nSAT
BMwfE4nfL5zD1bs1z0XU6nQ4l5KEf/zwHyzbvhmDunXHQ737Isw/ALZyBc4m38APB/dj15kTJn9w
+/l1MalkvvbQ7/W+GrIu9gAe7j8I3Tw74NGBg/H5nug6t/qqC2cHB8wdHQGV0ha/XziH3y+ca7Rt
ERE1tue/XY0z3T+3SF0Lg9xCdbMGBLtOn0DksqWIXrCkVj9XVGi4Sbgx8eOljb2L9TLYPwBh3UyL
ZC7DZovWCXl88DD8bcRDAPSByfKdWy227pZk4YQple6LTbxY5aidMP8ALJigD0VW/7rbYiMlqhOb
mIA3//uDtE1znl+zGrGJF+GkUlnsdTB96HA8OVh/QdDQUrWlGt93AJbPeBauZV3tvp49Hy99/+9q
a7pFBIfgX1FPSbfvF+Tjkx0/17itgI7eGB0ULN3+48pFHLp0oQF7b95HT8yEY9nUk6qmphgcSDgP
jU4LucwG9kolpg4aUqkmHaCvT2NXFkJodFrEJNR91LRBWloaMjIy8Le//Q2RkZEcudFAPHpW5KWI
iXg6fBRkgoDvYvb9aT8gDUoy0qDOuY8C+8o9n4UhfeH8QDB87v6BZGXlURGCXA73qBmQu7eFqyCD
X4VREOK1VKCgEHccRDTGOA5RFHHo0gXkFxXB0c4ObRwczVYrr05RaQmu37uL6/fuYtPRWNgplBAE
fVGjotJSk+GHKltbvD/tKbg6toIoAjEXz+P3C+fqPUQxMy8Pr63/HtELl+CJwcNw9GoiYi7GN8qQ
R4WNHJMHhGFM734o1WrwyY4tFhumSkTUHJxUKou3KhdFfY2CpjgJrMr5lCRELluKFTPnmNTVMMfb
rbzOxfq4mBZbyyDu8kUcvmR6Ems8hcISDHWdAGBg1+7VLFl3zTQTwaxl2ysXGa2q5kqglw9+mPcy
BEH/O6ipfkd1Ar18aiy+a7xMVcGGMUu3AO7kXt5ZJLRbj2qWbBhRRIO/q526cRX5RYVSwPFw/0EI
8vLFv/fvwcY/DpoEHV3aeWL2qLGYPmSESee8z3dvr9RdxZwXHpoApdHJ/H/2/9KgfTdn/phIDDJ6
333z217EXb5Y5fJpOdk4fCkBwwKCAOjPv36LP2fy83i7uWP+mPJipYcuXkBaTna997FXr1747LPP
6v18MsWAw0p08+yA1yY9Kk1XWDRxCnacOo7Ld+o+BcFaaDIykHn1KpLadgAqztJQKmD/2UJMWr4M
X1w8CV1xsfSQjYMjXMZFwmnoMEAQME6uMG0xq9UB+44BOh0u2Iown982XJd2nlJafOrGNaTn1b+X
d3FpaZVVnFW2tvjx+VfRt1NnAPr2qv/ctK7BIcHRq4lYsWcHXhw7EV/MnIOJy5ZKU1UsaVC37lg8
8VG0tlfh2X9/hnOsWk5EVsxJ5YAfnnvF4p1UnFQqbFuwBBOXLUV8auMP5a/K+ZQkTPx4Kba9uqTa
kONwYoI0qvDdx2YgR622+EmjJRy+VH2RUUuzU1Q/p9+a1fY4Bnr5YNsCfZHP+NRkTF/5Sb23GeYf
gG2vLkFuobrKzidRYeH44uk5yC1Uo/OLzzZbfQprcft+Fmb/ZwXWvbAQLo76i4xd2nnioydm4v9N
eRx37mcht1ANZwcHeLu5V5pK/V3Mfny+J9rcqk34uLWVpu0A+o4m0SePWvRn8W/fEf8YVz415eKt
VLz788Yan7d851YM7NoddgoFfNzaYtfif2JD3EHcSE9DJ3cPRIWFS11TikpL8X+7ttVqf6qrD1Mf
fCmb1/QVGKleOrq4mfwBkcts0NHFrRn3qAmIIvL+iMWpKmoxCAo53l24CE999Bk8Zs2Gy4RJaP/y
QnT6+DM4PzgGEAQEyGzwirLCl8yUO8Ch04AIHLHXQdtI01QMCb0oAocTLyBHbflRCQ62dlg77xWE
9wgEoP8j+/H2LRabo/3Vvj3Y8EcMXFu1wn9fWmxyRa6hHO3sMC64P1bOmgt7pRL/t2srtp+sXy0Y
IqKWYu28V6QChoB+ekZ9A4nUzAzsPnNSuu2scsCKmXPhVEX3h6aSXVCAyGVLTfatovWxMdgQdxCA
/gv9iplzEBXWeN1lyDo4lb2GDeFG5LKlFhndY+h8EuTta3K/IdzQF99s8Gb+Mo5fu4LxH72Nkzeu
mtzvYGuLLu080bdTZ/i1bWdyblKi0eCrfXvwytqva7WN58eMNyni+V3MPsvsvJGPnpgpTakr0Wiw
eP13VV4wNBabmIClW9ZDo9OP8+7g4opXxj+MFTPn4JXxD0vhhkanxTub19d6KpOlLxQ2xoXHPwMG
HFbi2LVEJGeUt81MyUjHsWt173pibQovXUTsyaNI1pmfSOIoyPCJuyfeCR+FfpOmwKtnEFyUSvgK
MrymtMdau1amE0NKSiF+Gw3cyUCSQodT9o1TaLS1vQq9ffwAAFpRi5PXr0pXDARBgFur1vB0dql3
X2tBEBDi1xVbX31TGkJXotHgiz3b8dPhA5b5IQDcy83GJzt+xuFLCfB198CsYaMbvE6ZIKCbZwe8
Ov4RrHp2Hhzt7PD9wf34z/5foDVXc4WIyIqE+ZcPPzecwIW/vRjPf7u61t2hcgvV+Ch6M8LfXox5
a1aZBCSGwofNLUddgCdXfCyFGEDlLhjz1qwyeXzhhPq3m7Vmxl3UrqbdrvR4Vn4+AP3nuHEHB0Df
0aFEozFZzpjxMVeXFFd6vCUx7mCSW6jG89+ubvCUq9jEBLzw3WqIYnnIYfhqNbZPCFbM1IcbuYVq
RC5b2myjN4xfAwm3Uqp8vKbXgLmOfMavqZo69tVF4u2bGPfB23jv543VdkYsKi3FgYTzmPJ//8Lr
G76v1brdWzth8oAw6fb1e3fxfcz+Bu+zseceHGdS9PS7mH2VpqNVZ/WvuzH7Pyuq/Nmvpd3F7P+s
wFd16Gy15VicxWraFZaU4H9HDltkXX82nKLSAAPe+EeTrSO/qAiRHy3FE4OHQRAErIs9UG2xn/ps
oz4OXoyH67NRjbZ+XVEhLkX/jDU+nfGmVycozAQCbQQZ/qa0wyMKJdJ0OogC0E6QVS4sqhMh/vIH
8MsfKBVEvN1WgyzzDUoarIOLK7qUdXDJLypCRl4ugn07o49vJ/Tv3A09O3rDXmmLTUcPY/PROKRk
pFdZ7MiYnUKJLu088digIZg6aIjUcqywpASf7Y7Gyr07arWeurhxLw1HrlzCsIAgdPPs0KB1Oakc
8Mzw0ZjQ7wH4t+8AAQLe3rQOW47F4X5B5S9uRETWZkPcQUwLHSqFG4YTuPWxMVgfG4OI4BAEefki
zD8ATioVAr18kJqZgZSMdMSnJuNw4gXsOn3CZJ2Ry5Zi7bxXEObfw6TDR0swb80qnE9NQlRoONbF
Vg7YDYVRp4UOrXbER11EL1hS6b7YxIuIXPZOnde1MHKy2e4fH0VvttjUlc3HYqGQ679wmJums+bA
XgR6+SAjL7dSCJaamYH/HjkE91ZOOJ9aeXTmtbQ7sFUoIAhA0r17lR6vTph/D2R+vb7S/fX92c2t
C4D0PXHlrLnS6KbW9ioceOtfJsvV93doOKZfPD3HZGqYYVuGcKM5OhAZGL8Gfjz0e6XHv/5tL0I6
d6nxNRCbWLl2xPrYGLRxcJS2Y0mlWg2W79yK5Tu3ordPJzzQxR+ebVyglMuRmZeL2/ezsD/+LNJz
6zYNOz03B37zn7Hovlb05d6d+HLvzgatY+vxI9h6/AhGBvZG305d4OzggOyCApy6cRX748/WeX2r
ft0FF0dHDAvoBTuFAop6FBMt1WjKQqVzWL6z5kKuf0UMOKzIzayMJp0n2lIU3kzF6jWr8OBzLyPU
vZ3ZUQ+GTiluNlUMStLqIB45D3y2DqK6CIdVOmxrpYGukYYrDujSDc5lQ4hlgoDPnpqNLu08K/XT
XjhhCp4cPBy/nDuFw5cSEJ+ajBx1AUq1WuhEHWxkMihtFHBSqdDH1w/hAYEYHRQsBRuiqK+58eG2
TdgQd9Di4YbB/YJ8iBBNCkEB+rmvXdp54vKdWzhx7arZ7beyt8eQ7j3x6MDBGBYQBAdbO9jIZDid
dB2vrP0a51OSamyfS0RkLeatWVVtt5Ndp09UCjBqkqMuqNeJX1NZ/evuags31nRMrEl95tD/cvaU
NArnlplWkp/u2oYOLq7Iys9HVn6eyWNZ+Xl4e9N6uDg6mn1uRl4uTl7XTyMoKK7dha/mYsmuQhWt
j42Bl6sbFk6YYvL7aQnhBlDza2D1vl3ocKrm14C5bnzHr13BmxvXVrluSzmbfANnk2802vpbsv3x
Z+sVaFSUoy7Aa+u/R2cPT/i1bQfXVq3qvI7MvDxcv3cX19LucORzFQRMHcczC7IKAwJ6YfOMOejo
613zwsZ0Ooi/HQfeWg3kFSBJocPUjsU4rmqcl74gCFg/fyFGB/Wp83OLNaW4mZmJe7nZKNFooFLa
wsPJGR1cXKUe4cZ+v3AOb29e3+gf3E8OGY5Ppj+D+NRk/P3fKzCgSzfMHR2Bnh3LfxelWi2S0tOQ
W6iGurgY7q2d0NpehbZOTpDLbFCi0SBbXYAb9+5i7aHfse3EEaiLW/ZwWiIiahm83dzh5Vp1Hajc
QrX0WeikcpCm8RguHBgzfrwqqZnpZrtyhJUNea/qcWsQ5O1bbdhg/LMZL2tu5FBNvxfDRgeNAAAg
AElEQVTj59W0XePfYX2tmDUHUaHh0vpqE27MGT0W702dgTc3rsWqX3c1aPtE1PwYcJDVEAQBY509
8fXgcWg3YSSE1pXbx1ZyLRXij7uAnbFAYRESlVo8116DAw5aNNYLv5W9PQ6/vQwdXVxN7r+VlYnj
167g+PXLOJecBF93Dzw5ZBgGdPav09WgEo0Ghy5dwNpDvyEmIb5JWqo+0MUfm19+HVqdDneys9Cp
rQdKNVqcuH4FyRn34OLQCp5tXOCkUkGltIWNTIZijQZ5hWrkqNW4fT8Tl+/cxrmUGzh5/Soy8nIb
fZ+JiIjor8cwDWzXmRPNPnKDiJoeAw6yKjIRGKC1xQeCJwYPDoOsbw+gkyfQ2hGQy4ASDXAvC7iS
AhyNB+LOAvfuQyOKOOCgxettS3DKXmy0qSkA0NnDEzH/7wPcL8jH+ZQknE2+gWPXLuPq3dvIzM+T
Ri0IggAXR0f07OiDYQFB6OXtCz+Pdmjn3Aa2cgUA/VDYotIS3MrKxNW02zh94zoOXorHpVs3kVdU
2GTFsuyVSrw4diJmDhsFG5kMBy9ewM/H43A+JRn3crPRys4ebRwc4WBnB6VcDhuZDKUaLQpLilFQ
XIys/DzkqAs4FYWIiIiIiBoNAw6ySk5aAX+7L8esQnv4KR30tSEEAdDpgKISIF8NaHXQAYi30+Er
Zw1+ctYgt5GKihrr0cELns4uSLiVguyCAhRV0ebWmCAIsFMo4GhnD5XSFq3s7WGrUCCvsBCFJcVQ
lxQjv6ioVq2tGovCRg6VrS0AoERTiqLSUvaSJyIiIiKiFoMBB1k1hQj4lAiYeV+OMQUy9Cy2gQ4i
LtmK2NFKix+cNUhSimic0ptERERERETUUjDgICIiIiIiIiKrV0VPTSIiIiIiIiIi68GAg4iIiIiI
iIisHgMOIiIiIiIiIrJ6DDiIiIiIiIiIyOox4CAiIiIiIiIiq8eAg4iIiIiIiIisHgMOIiIiIiIi
IrJ6DDiIiIiIiIiIyOox4CAiIiIiIiIiq8eAg4iIiIiIiIisHgMOIiIiIiIiIrJ6DDiIiIiIiIiI
yOox4CAiIiIiIiIiq8eAg4iIiIiIiIisHgMOIiIiIiIiIrJ6DDiIiIiIiIiIyOox4CAiIiIiIiIi
qycAEJt7J4iIiIiIiIiIGoIjOIiIiIiIiIjI6jHgICIiIiIiIiKrx4CDiIiIiIiIiKweAw4iIiIi
IiIisnoMOIiIiIiIiIjI6jHgICIiIiIiIiKrx4CDiIiIiIiIiKweAw4iIiIiIiIisnoMOIiIiIiI
iIjI6jHgICIiIiIiIiKrx4CDiIiIiIiIiKweAw4iIiIiIiIisnoMOIiIiIiIiIjI6jHgICIiIiIi
IiKrx4CDiIiIiIiIiKweAw4iIiIiIiIisnoMOIiIiIiIiIjI6jHgICIiIiIiIiKrx4CDiIiIiIiI
iKweAw4iIiIiIiIisnoMOIiIiIiIiIjI6jHgICIiIiIiIiKrx4CDiIiIiIiIiKweAw4iIiIiIiIi
snoMOIiIiIiIiIjI6jHgICIiIiIiIiKrx4CDiIiIiIiIiKweAw4iIiIiIiIisnoMOIiIiIiIiIjI
6jHgICIiIiIiIiKrx4CDiIiIiIiIiKweAw4iIiIiIiIisnoMOIiIiIiIiIjI6jHgICIiIiIiIiKr
x4CDiIiIiIiIiKweAw4iIiIiIiIisnoMOIiIiIiIiIjI6jHgaDRCsz7dqpj7Wev18/+VDhoRERER
EREZY8BhcUL5ebYgAIIM+sNso38M+tsCBOl/gAyQlT1PEPSPiX+NX40MAiCWHTJBfw8EQC4Cgv6A
wDS4EKA/ljKje2VGy5Q9Ltg0wd4TERERERFRSyEAEJt7J/4shLKjKcoEyEQROlEBQVYKuQ6Qo/xg
C4IAnShCBKAFoBFksIEIHWQQRREQdPoV/hV+M9JBsQFEAQK0kEGEVhAggw1sRA30kY+oz4vEssXL
nqYFoAOgNeQgog0gaqEPPXTN9EMRERERERFRU5M39w78WQiCgP/P3p3HS3ZV9d//rL1P3dtjujN0
RmKAEIEQgTCEABJABESERx7xwZ+K+JPfT4yg4AsEwigyRRAZBAVf8jjgD0UeUGYFhGAkYQyRKWEK
gYSQpDP3eG+ds9fzxxnqVN2qe6vu1Le6v++8Tud21Rn2OVX9x1537bUCzr03Gc973E/x06cfw3Y7
wGx+kJkCkgUiiSKBB8fMMDcsFOzpbCe3GX5wW877r7yBv/7Md7jJDD8SIhwOEIkUHAM88xfvw/91
352cetQWsuIWNln1zKJhNg8JkhtmCSNgySmyzdzOFm6bh89euY+3/H+f43t7nYOH+NZERERERERk
/UxNBkc50AAhlb+Yb37zv8j/oXV31nqzfrFaBmJOcHCLuOeLXt9w3OrMAtgBvONXz+Xxx+Zg80QD
hi0vCaMfs5mRDNzAMYIZc3EWd/irb83zig9ext7qhoInMqBLue+UfHzVSK1afhLBCra487bfeiCP
vdc2ts3vxwIkzzEr77X+f308JMzAzTE33IzCvEzrqPerjnF3nFm+vbfDb7zxEr57a8HBEKrsDoAM
PGGkRZ5gp3o/IzKHVxkkqRqWe5W10+Kt72D7PWcWyIFiWj4yERERERGRqTI1M+R6oEdH+OvH3asJ
YiSM2AQqbMGs06iWL9TLFQysmRA7hpOIOMZT//Wro3/r3wpczJB48SPuznPuu51NeRe3Lk65xCKW
EQ7cyywN9/JaFkbU1DDwvvEWuEWyagmL46Rg3NHZyms/8yPedMkPSDEQigDklOGO4UGZjaB+BmWN
DWOTO2996k/xS2fuYlPah2c5jhMIeMrxkEH17PqDB96cD8pgUKIMdgwLcAAkAllyLOQUtpmrim08
+gWf4IbUwelCijgFo5x5fIe/eMa5OBGzvFz0UgWiBkcWQiiHUX1uycCCt+JtzkHbxi+85N838Kcl
IiIiIiIyvaYowBFwEicH+OFTzySZ4yFUk8dQTpItYClhFijMyZJRBMCszP6oz2UGpLLWhRWEZMxH
Y+fbv8b86AGwyY33/vL9eewJTlZ0wXKcWI6FSAoFwTKwhFd1IJoJ9+Cv+lvn9VbWQbSi2neGwsqA
BzZPSpvB5vA4w2d2z/Ckv/k88+5ViGbjfoT1/e905/N//DBOjrdjIRJIODPMeEEKqaw/YoBnOAVm
3hesKMMZAbMAOMkghYU1NtrHFHQIzGNupAhYTicPHOhs5nnvvY6/vfhqco8wIshx/1MCF734/lX4
qx0sWyhUASxL5WfRjfVHXtZUCanDwbCFY/7Xf468noiIiIiIiCzfFNXgKCezVv0G3XAsFYBhoepQ
4lRdSyC6QTAi4KkgWW9S2ZdN4RG3RCcZkXL/wpzgRjInumHRedcvPICnnHyQrnUJnsij0Xt81QIW
D83SmHKiXU7Gl7wrg5ggmZGqDiuQ97qEeAcL84ARPeeRxzm3/+G9+fiPZ3nSu75IHiCmQGHp0Ier
LBA8NauEtrhz+SsfwSm2B9gPXmU6YBhduhbL7Beoxl5+Tu7WfJbQ7qPiuJUrfoq+1xeKdKm72pSx
how8wkw6yJt+6Xje9OQTecPFd/BH7/1mmWlSD8EBcwwjo8A9AyvDSMEpg2YDmlBLqJYbUX5Hy+9l
BFK1SknBDRERERERkbUwpb1Iy9/m97alOaHZFgrNXkUVISiDG/BzJ29jz+/cl18+BZLPkPk8aVQ2
xpCrrgZrn8YDgYS585gTEze+5N786t2PpbBE5vW9HJqPtdfqFSKBTz7/Z7jhNedwUthX7VGHAaob
GqxV0r7PsZ/xMqQZMu+SCPzhw7aw58/P4bcedirgxGpJUfSMOgEjTTiU4BAPdaBJRERERETkCDNl
AY7BCXFg1O/w3R33AvcCs1jVdLCBZQ9DWHmdrQ7f/f1H8b4n3oPZHLo2TxHKWhvmi89ey2s77nW7
1/Efc33uuqBlX3CD8n4tGUXo4FawpVvwjiecyjXPfzgzQByybGO9lBkOiZ897Rhufc3ZnLPjFvCC
UD+v1g0ZceFnUf/VbEGdi1HKU9a5F4t8Ls0JHQsHyYPRSfuqZI2Ctz75FG5/089wbKc8abIyg2aJ
jxpSKrelri8iIiIiIiJramoCHP1TR6uCBpFRt1AGMyJmcej7yYDkeDLmQpkRYUBw47HHz3LbM+7F
yfM3YcxThESs3k9mfUVBR127/H9d/HTpoIPXXVQWmdzXwQ43iKnAMMxnmDE43m7jlhfeh4ccv51I
IlhVetXW+iMO5UKdUGZt/PeLHs6HfusuhJSTOcSqU0k58NgEGspcmYKhQQH3gcDOItyqJS5GWnTB
Ss1InpV1OSyjXkxS0CXaHfzgjefw8QseVmVhJJLNEkd01ilvP5RbU6VDREREREREDoWpCXD0q9Ib
SLSqHyzzVImt84H9HScBn37ag/ngL53OfFUXYlWmrBNkcDTDGmuCX2YOWN1ClsQnf/M0/s9Tz8Ep
ym66S6YgrJRRANsS3Pi6c/nJzXtwKzCvJ/xWleishfJ51NuQJzzpiMd7Vq0Mi74DrO/HLMGDT97L
jW8/jx0JAk5usxOOSERERERERNbblAU42sGMAqzLONPh3pIRb9q21gLGwZnE1rkOP/rt+/KwzgGs
6JCFZRaDtNR/jWUGNxYPrLTPOXj/gSfd6SCXP/dRBDOMAGENMwsscddtgd2veiAz80WZFWOQVd1E
3K2qYVGP05ZcLrTkMqIRFn3SzRjSwpcrjtPN5sl8M1uKPbz/JQ8us0noTjSOZJPX7RAREREREZGV
mbIAxzDjZHB4tYAhLahdWQQIKZKHObY6EIpySYl3qiMnHY5jbmVHlWUEN2qj58e9QEFvWYtXU/eI
4RSeccbMrVz14oeTLGGp6lNiAJ1lj6nW3FUIPP7OW/n68++NpcRMUZBbJLhTWEYv06Z9R46Tmm34
La5+1okB5lZllvTO35fL4Yb7DFgB3iF4ojCrup9MZvCQZKkMeijwISIiIiIisiamJsDRPy9MI98Z
bsSSBMr5t5tjRAJFq0OKD9t9jHGWbV5H1f5YLW5lnYpy4UV9f06q7iN6zgnzt/CjFz6MDlAQy4BL
mCwbYZhUFTv9lXudyD//z9MJMeAkkjnBE6lu+zo0POQD24j7W+UgR5kVY9VyntEfamj6xIKHnMgi
9TcWu97A38ctmioiIiIiIiLLMzUBjlLo/9lHFxldiWZqbcur8eEBijEKiy6Xt84dytKo7Xd77wTY
mfby1Rc+BAKEkLC08udl5vzsXY7m/33ySWQEUgEeEh7y1vV7AYqJMyDG6XazDD5k6YgNvN+3PwF3
WzzYkrzcWoIv455FRERERERkRaYmwDF8vhhYi1tYydTaW3+uvQBuzYQ6tIquuhuRDnOdwF3SAT72
9AeT0gxutuJVEidm8OGn/QTRAjmdsquMW7kapfxj2ede3SfXnykyKmfEGJVhEcZoLZwGNhERERER
ETkUpibA0a/dgWNt6jUA1TUme0R9U2FLY7WIHeu8rXoe5vXWasHaytwoJZIVbC1yiM7PHHcLv/lT
R/ftOdH1q23W4IqXPpiOl9kNmedEL8rxebUMZswrGAuX8ZS1QCccYbt/7tBRW5O5sWDpCKNH2zzf
xcYTYrktGWwb/7mIiIiIiIjI5KYswNEKFlgCy1l5m9iFL610icrC8y2zI0t9/IgEArelpszlx+vu
JJvhbU84hZ2+vLF41ZHluj/+aTan/cyHQAoFazJpn2R5io1q/zrm4Uu87+7LWi6jLioiIiIiIiLr
a8oCHG0JKFhxAGLInHjVpuwr6KLSnMIWL1C56HtN5kEiOHS8y/de9oAheRNLM4t89JnnsbnYU3Uj
gehOWuViqpM/+zLAUcY5Rj/vuibG6GyNRa4wYUZJWjLwJCIiIiIiIqttagIcw7uoLOPX5IMZDENO
EZs6mSus8VEtT1lJwcx6Ocpi71c/LXyvetMskoLhIbCpSPz1rz+YEKws5rnYtastAvecyXn4rpsJ
PkNhBqSy7gap6qoyQl8EZuklReMsUSk739S1M6zaGLkcKDE6o6K/Teyw8cRVCVSJiIiIiIjI2pqy
mVt7lhpYrO6Bu+OecE+YBbDY2/p2XHhsMxk251AXjhyWwVG/VtfzTOYkowk0DCuM6RYoLBINnnLX
A+xwx8wXDTfUwQPM+OILzyF6Bw9dBkMWS3+JJsy2WTQgVH8m438uK/2SLxqgcl8QkAneCpKJiIiI
iIjIupjiAAetQqOj1PUZJsug8CE/bVje/MFiH6d5AqqWp0Xiipc+kiwtsbzEAxHjXb9xP8wKEtmC
9qdNwVNGLZfxql6KgxVL1skY/a5T3l/qr7uxiHFCIHWWylJLgUYPK5WbuqiIiIiIiIgcUtmhHsC4
Bn5HvuTykTKLYXnxm+hQGL2lCYtMysu5tuEBnAQ4hpMsYClUoRUvMyFIVVZEQUwdknUJlN1Iyg6r
vQlyqifzo65Z/0x/h5VkwwtjBiAWiTyAWYftfhvnnryFz163p7rKwusZBZsdnnTaDDHN4eT4wDN3
AljZbSQ6C5ermIFnC1/yBEbTYrYOhBiGpwIsAJEU57k1buezV+7lLz/2Ha649jYOJJinzAnJqm3n
LJx56i5e9OvnctbO29nEHFmRY2Z0Q4GTkSwQ6S4zkjFCqINEqioqIiIiIiJyKK1Nn9U1EzglJq5+
6pnlXz2AgYXhgYz2JL9ozT8tlEs6QuF4LButhlQ+hhBCf5FISwQMb0cVQu9kZX6IYxQUZmQe8BAo
QpcsRZIZeCAD5qIRvcpFsHkKZnDrhQzcUpnoYPXCj1S9Pvye6td7r6VeO9SBAEffcdGJKbAv67Dj
j78I7gR8QVAlGnzrJY/mTvFGgkd8kbGU9S+8P8ARhk36var/kcADRRWEsioDohsyzGCPHcuT33gp
n/vxXtwL3MqAllmdMWHgXn2By4Ic5l7df6TjiceesYt3/t492ZL2Ekmk4OAzWLurzWAgaMR3qZ26
UgzZZdgyFm8d4wZdtnLM/75oqv7FiYiIiIiITIupyeAopf6fLcEYPUHKLhh95SRbb7Lgl+/9bWKX
YtX+kYKtfC07itd/5Mt888a93HTHHHkV0NjSgRO3b+JRd9nB/3rMuZx64FryOEdGp5yoex086AUr
miv4wqQDtzJbw5oR1Es3wpJFTc0D3WBsSl0ef6dtfOTa/STPGZx5b3O4k91ITKEMDkAvoDDkOZQ5
FQtn/0aqjikDKN4sqymq5SEJt4yU4DvpBB5+wYfZa2VMITUXNYwcvHf9eiz16RyrjinoGnzkOzdy
wnN2s8udL73pcewqboQwjy+rj8z4miDTml5FRERERERE2qYmg6Me6CmRKoOj10nFQmf4MdVE371o
FQ6NS2ZwQH/GRzAnJihCOYpEgWUZsQjc3tnC0993JR+69lYK0ngP08ogw2YSr3v8afzPe55I9BwP
81jqEKxLcCO1psgLszXKTIIybFB1NbFeR5MFQY5gxAR5oK97ym0zmznpZZeWAYwUCeREIDfj+y99
OHcqbqXIOlXGxbCxhLK2BkX1bHoxM2tnMLQCHzHkJGYxclJI5DGyJxzDPf/wE9y+6mUsqjCIwSmz
8PULH8msHyREyH0/HjpNDZFyzCvP4KgzgEIr68eAebZx9P/+9IrvSERERERERBaasiKjtWqJwpg9
PBa1WBcVaApe5CFQhISljMAMN89s5pS//Aq73nwJ/3LdzeSWJsgMyHAS89bh9z5yLdve8Hn+x798
nyKfxQonJqMIxcij6wBDqLJDUpXN0V4e4gOdPeoskHqeXue07Jw/yHGWqnSQnESgC2xy52RuI3Vm
iF4sCG60nlZ9BYZ+Fm4DdTucwjJC6gJQhE2c/08/4pTnf4rbV7M2Rut65eiMaw8au/7gIv796g5d
cwzrq18y8gwTDmtYF5V2EEVERERERERW35QFONrDNfDIWkwb+5eo1BPkRCxmmLcu93n3t/iJN1zG
DU5ZQ6JeHTJmMox5DgY5XTwk8Mi/XH0bR73pS/zrdQc4GBJZml3k+MFXxkt7GNZrpWuJL7z4IWWB
Tw/U2Q7v/M37kehAyumGMiujmejX/WmhekZ1wGnh18mbzIb6GCe5kUJiLm7ilBd+jnd/+Xq8KBj3
+S1HcoMAXYcnvflifuaVX2feMrDuose5LQwWDZy43EREREREROSQmpoAx4IppBtl/Y3Vv4U6yyFZ
KH/LH2bJisD3ZrZz1Du+zjdvn6PLfFX7oaAKCzBJoKHpdJocp4BkJIenvPdK7vGWKzlQFx+1iFts
2pjWQYYmiwMIbtU2Rj2SgXhQpMNxcY4Zp+piUtYDeeJdAoF5kmWEaoJft4Rtup70nlhZ8HXg5O3M
Da/2T2RkXrA328mxL7iU25ORLPYezBoJpCoQYTjOF3fv5YznfonCZ6uuNza0tkiv6OvIE0/RvyIR
EREREZHD15ROzQK9qhwrLNowZO7aBA8SgONzBf9wa+Ref/4ZcgD6l49UvU4muuzCvctzmhvX5M7x
f3o5ezpbCMyAzS0cdn0Cr29i/HIq7ScWUk70gv/73qdUy1YCdz+ug6VI2T8m7ztiwXKNIYGN4SLR
cyJd7si2c/wFl9K1snsLPno5zmpJgz853NrdxKnP/hyZzxDcSYu0Ax6tfvYiIiIiIiJyKE1ZgKM1
NbccbJ4V/9p/yOG9JSqQpS6vu3o/T33vlym8LA66ltNZx7FUsB/Y9SeXsi+LxNRpsidGz8FT+Uwm
vZ6Be+R1T753ueQnJj75rIdiaW7B0oxEOYAFSzbMy0Kj1h+osOrzSpZwmyNZomtbOekFF5O8wJy+
Qqrrp/za5xzkDo/c9YLP4yFhQzJgEkPuV0RERERERDacKQtwDFqDDI5eoQlSPMC7fryJl3zyW81r
TjFx0clJBlMud4nllTxwzIWf50C2pTW2VmeO5sfEJIGewfF3krOrewMzOKEwjuIAIRtyzLDgRm8P
Rn8WRuaGEzntpZ8lx4ip4JA18bGEV71n3BI/3u+86IO3QOg2TX+hvGczW7Lt7jiSlZ17lOwhIiIi
IiKyNqYmwNE/L0xDX11MuRgiLJygD/w1xS5Zygh0uYpdPO3DX21NetPQY1aPV1coyuUilihCzq7X
XcLBuIlEQWGhvx6HlbVCkllfF5XFtLNADGMug25w7naUcfqsE5gjFbN9E/uyC0got6ET/sU62hgF
kfP/ZTe3eQBS1VT2EGVGOFT5KAR3CoO3fuKH3FicQAozlE/Fx8iameCSq3ESERERERERGWlqAhyl
MPDz6AqP7o57gXuBWWx+E7/Ub+OzokPwg+zPtnO/v/gs5rbSHJEVMDoJDlrgHn/6eYgdOqmu1dEq
VDowwkkyDgwnKyKdwnnT/3MfXv+rZ2OeYcwv2NfdSaQmDNMMpPl7/2dRB5SCw83ZsfztV35E8kP3
NIdJRHCncOP05/wbyROZz5Wvr+S8ytQQERERERFZV1MW4BjgAZaaiE74m/NkBUUG93v758g9g1AA
2ZLHrQl3uhgxwQ0p8hdf3QvERW6p93GOH+QoO7B0Y+CcU2Z51J0DWTGPD6vnUaZxNMeVWtk0Q9bu
WLWs5Z4v/GTVnWZlgYPVZlZ+vkYBDi/7wFXktoXIuPVM0sBWBjeUryEiIiIiIrK+pibA0T9hrNqS
LjL8MlsjYhMGJ3IzfuA7uToZhedVg4/Ji3euHqcg4Z54wb99m/m0re9dwwheP4eqn8sERTEdJ1nO
TAGb0hyxcFIMhMWeW7sWiMdqW/hZBC/oWuSKA5vYCyR3BjvQHGrlo8qrDjLOWz+xmzlPFGMXWgks
lU3U209hDxERERERkbUyNQGOUntpRN01ZOkJc7lcpbctJgR44Ns/S7HBqkF6cJwOv/yer+CWWnU4
Jp80j3wWDoEERYBiSDZG1Z53QXZIU6yi/7NwC3To8uDXfm7iMR4q857xvH++Bo/DP38tPRERERER
EdmYpizA0da/LGApRmq2xVwfdnELAdtgtSJigsJyPvrjA3RtFhhcCmFAKgMUJNwWGb+l3jYqq8DS
iGDQqBn+kM/CjRuzk+husGDRYox5/ua/rqOwhUtpyq4r6z8mERERERERWdrUBDhWNq9sZ370T1zd
Wuf2wJPe8WkIacMtJiigXE/hifdecTvdWFBU7U6h7AZS9icpl0rYkCUjNSM229Anu1hwZMjZSguf
mLvzK3/2Sap1PlPBKe/o+3t2kiwSHZIligB5WH5HlZgguIpziIiIiIiIrJWpCXD0S4xX92BpwatJ
rQc8FHyl65A2ViHMNnfnmR/8NjM5eBWsSVZtrWcxSR2OBdeo/j+8UOngeZu9GfwsulmHz99wKOuX
LE8B/NyLP4ZRkAeaqIY5VaFUERERERER2WimLMAxMFwva0KsRDJwS2Q4e+NWnKqWxAaeyB4k4GSE
VNe9WNim1cyqhq4+4bKKqsbGkOBG2R7Wq/9X7zfXt7LYaMse31w930muf+gYlPftgetzKMxIJJIX
kHx4cCMlSPUz2FjLmkRERERERI4kUxPgGN5FJbLSW4gJsnwzKTr/tjuW19nAwQ0oAzI/2noimZeZ
J6HZepEEdydgBGxZyyoWjUmM2UXlA5ddA97Z8M+zVn72jlPgDh0ve6tkBOKoJxIChPp7ODX/nERE
RERERA470zsjs7rl6Mp+a+4YeTZH8owLP3TJqgxtrbkZn/zvH9ANgf4uMqtT68IYscTFjaFdVKDX
SaXl/3xhN0YBNp1fsyv2H4O5YdOSgiIiIiIiInIEm7KZZzuYUVRtYleWHpCCYw7Jc66em46JbPDA
p751G9ETocmcSGMXB128ZW75uplV+/TeKQMbI4IbQ5ZoXHbNHUNfnxbf3T1D8AJn49ZkERERERER
kdKUBTiGWWryPDAhX9D+1ctlHtGwKVlLkbzg+zffDjiFBdKEcZm6xMZgIoaTekINgYEAACAASURB
VCtPqiBH8/j6sjPaX5t2F5X+Z+v1+1OaAfHBz30NN+sb/nLvJFkqP6fpfBQiIiIiIiIb3tQEOPrn
hWnkOwt59WeotsH9DSxRFGl68gwC7Nm7r6q50Rr1Iq1h+1lra1sY4Om10G3v235So7uoFFAVbR1z
WBvMFd+7GnPvW6IybghswZOd0mcgIiIiIiIyLbJDPYDJBPo6hngYOXkul1+U+5rFgWyFIRP5EMix
oe9tOF4mopiXT8SAZP1jr7uo1D+PO78un5MNXb5Sd09xHKuDGZaq6y4MmLjVn9cUPNMh3EKVudLk
olCM8SDrbisKaoiIiIiIiKyfqcngGD5FXpg1sJwT1+eedKnHIdOui7Em6RE+rEvswMXbO1TBjYEZ
vXndWnVaHmw/q8buox/GEIlprjsiIiIiIiIyraYsg6NWt4mtsxYWTkDNDBuje0d9hpACcVoSDarb
NQe3+v77B+/uhHpiPvwRDTltxNs1SoYeY1VQpTrpIstiyiyPAoYWM50G9b0VUFVoCb5UFkf7eQzW
LZnW5yAiIiIiIrLxTVmAoz35rn9LbrBElwt375ta9s1PpzG5oIotpFBmnQzefd0BZeTh3r+UZYER
GQtGwIdN0psCpIn2BH+Ggvm+ZUUiIiIiIiIia2NqlqgslCh/sz7e5NlIzdZnin+p3l5SU2ZztP6+
2LIKS71txAMYXT9i1BsLP4tz7nbCgtdERERERERE1sLUBDiGd1EZN/2infkxkO8wjRkcVq76CK0G
JW69RIrFsjfKw2OzrfwBDNbi6PmNnz6uusY0q7Jh+oJCIiIiIiIistFM2RKVdq2J0HptBcasT7ER
DWZtDFpOFxUA3IcWLy0n+gzpolIvFeqPl/38PY6rOq9MN7NeAdWpKUQrIiIiIiJyhJmaDI7SwOyy
KTR65Knv2tZqic2wLJBWy9TeCFrZNAPRlq3FHBk+bVG0kYxxWr+qi4qIiIiIiMihMDUBjv7pdt1F
pd6OTMFHBzjcnYARsNUPgngrk8ZjtS38HJycR951J3mY5s/I+36KS8YtRn8v/QgNxomIiIiIiKyH
6Z152ir9pnyK55yp6qSyJoYVKXUDbETnleHRlr//7ftDUjaDiIiIiIiIrK0pC3Ck/p8tZ8VtUKax
i4qXw06htWBkiXoc/YcXzTb0AZiRcLz6sw5clIGNEcGNpqtNz2yRs7N7C0ePNywRERERERGRZZua
AMfouftS2QEDt+j9k/CpzOCwMsGiXR+13UVl6cNHd1FpAiZm9QKXJU7u1fKUutBoz3zIMDM++9KH
AoFI/WlM40MvLX/kaYrvWkREREREZOObmgBHv8RitQ4W7gtOaLY+05jBAWs27pGT8CY9ZPwLG4kC
44xNBziWRBE61dHT+tDVRUVERERERGSjmrIAx2BwYnQXFXfHvcC9wCyWGQk2on7EYciqZSYJH3/p
invzfIYlbNQtX31Yh5VhY/BAxNlvkSv/5MFsSt2p7qnSblIsIiIiIiIiG8vUBDgWTCw9QGvRw6Ay
mBExi2s8so1pOV1UzKDwMoyRD+mKUp158KjWNviWUxCZTTnbunt41RPOJIS6l8gix21QTtm5ZnkC
vmY9fUVERERERGRqAhz96mHXxS2PPCubbI9iRHc+dOUcMeQj95kkCyaQcMDTDM+6f+TOm8oaKBEH
iwTlRIiIiIiIiMgqmLIARyuYYTnYPOMsGiiXq/S2w4ExsjPrkhZ9FmY845+/Oby5CqOXBA0fY/l5
JQt4hLwzy9df9CC2AoV1MM+P0PCUiIiIiIiIrLYpC3AMGj+Dw0jNdrhYdgaHpd42EMlwcw4Ad2S7
2geMjqQ0LWIXD3yYB2ZSgdkBrn3tOWz3Lm5ZddS091YRERERERGRQ21qAhz9k9809NXR2pkfh09N
jnab2Eks1iY2BccwHvmaT2HMkAy6weirVGr1lavghg203m3GV369gpeBpcIieGRTMce1F57D8Z7j
FjASAXDbiAVIbdWyflSCQ0REREREZO1MTYCjFAZ+HqdN7GGomiinAMWICMdyuqhgED1gON+cgzkK
OgVEBupxeB3cMPo/g1HZMfXSluoYi2wu9nPta+7LL95zF4RIMiPYxsyuOVI674iIiIiIiEyz6Y4O
NJ1UjjwOpFZihTnjBzJGntTxFCmq8z36Ly+nm3UJaZFn7O2Cr/0pCr0aHO1XA2bgNoOnjPc89US+
/pqfIzj4YRFISK1NRERERERE1svUBDj6p86hmlhPzfBXl/UWltR1OHygTMZy2sQ6ZdeT8ufEl2/O
2ZPtwluZFQvPlarPwhkMNrWXqPQyPooqryThIcd8lrvajdxx4X151Kk7yULZOrb+dCOAdca7gXqM
1dFWHb+yhS+TrisZnVnkqjIiIiIiIiKyZqYsQtCupZHKTioMr/8go43uomK0X/IE937ZRZBmyncd
IC2jJkX/EpV2DZDC5kkpkBH50Pk/wS2vPYfHnDhbrWQxCgLBR7WsXcgIZSaIpTKcEiJFWP/AQlIs
Q0REREREZF1txKqOY2oXGj0yl6ksW1+ti17rV7My/FArgBscvhuO4gy/udp7/D40ZRWQQLJ2xxcj
GUQv64d4CBhdSE70Dljiw79/Fnti4PvpWH72go+xl/EXfLglInCcw8ff/ES2Z8Zdn/lRoDvmGVZO
wQ0REREREZH1NzUBjvr3/yvmBVOXuDKEQ1W3YvJjbVRAyMsuKrUIeHLu94pPcOsfP5Qs31efAMZY
btFbotJ+tcC8aizrQCozLpIZqcrGyQNsJnGveBPXv/4c5t05MHMMt+53/vXzV/HRS7/LVTfWS2rg
rFPhFx/9QB71kzvZOTvHFvaRWyCm64hzM2yJif2pqlMy0ZNaTUkLVERERERERNbQ1AQ4+iV6QYrx
po3eCmocLhPNVSksuoiCDoScrjv/452X896n3Y2uQRz7ovXn1M6/GGw5u/Bcvfa3AdyJBkd1b2TL
7CzPOXcLz/3psynM8GC4F4CTQiAWN9IlklusWtM6RZjn/Ift4g2fuR6v8k/WOsgRXFkcIiIiIiIi
623KUhkGhuu95RWDyhoTBe4FZhEza7bDQX0XowqILqtNLBBaOxtdYnIc44M/2M/3wjHMlCefaIzJ
qGqmJMAW/SycdlvWVC9yIZmTpYPknU10bZZELGuBeAdnEyHNk8dQLbNpL19KvPiXziBaed6179RS
dlApC6uKiIiIiIjIepmaAMfwLiqRUbdQTqAjZodpfY6qrkU7wNFeCrKsLire3+rVqUq4Vq+f9fLP
cCDOEpLh5hS2+Nenb4mKR/AOkHCKZuvfvwqKeC8oY4B5IKaIeaTjieg50Z2YAgHHvCgDF25EN6K3
8nvc2JTv57RNEKlbzaxlkGNUF5W604yIiIiIiIishakJcCxgiXL6fYT+prxaBpFan+BaLosIHkiW
OOVlX8CsAIeYwugUkv6j6VVRqYNT9P5fKYMZ1c8DwZpBXq106b1ji36ZP3PhL1GEohyzAg0iIiIi
IiKHnSkLcKT+ny1nnMlquy3q5C1ON6CqWGYKvbufpB7HqGdhwRi55McS5sZ+i9z7T78GMVGEYtGL
1ktF+gMv1fIUYrUUxaBesjIkuLGYROv+k2Fp9Nd5R34NsTCKdajAkkw1OERERERERNbblAU4hhkn
gyNh9TZYg2EaJ6K2sKuM2/iBgcVqYKQRJ3EvMx+8KPjWPuf8999EUQUqojtmOfnAcqDeEpX+wJTX
y1SqAEsTcLFeZkbvugNBmOpN89B8dB5Ss43SiXNc8HPHMXldXSvHUNcQsfEyhg6DMJqIiIiIiMhU
mZoAR/9UvD3JXOEtTPlMdP3iM2X3kbIIqPO3X7me133yZro4B7NEkY6i4wfGPNdA0GKCUbjV9Tkm
a7vqKeO5j/tJsLkJjmqfIPS2MUxj3ExERERERGSaTU2AoxT6f/aMFU8lD9OZ6LK6qHh/F5VRUgKj
4FX/eQ2v+PQetnQhsp9Ep38MzRKVRb5mRtmVxWyJWJNjHnBzkiXcJqu/kmIis9s5fdvoZTgjhzhh
55Xg/QVfRUREREREZO1NTYBj+HxxWLeKVTnxxrdGgZlJapQ4XV5/0bd48j9dheG4FQTS2g2uuip4
+ecEl4lFRkyRi17zOFr9WhYVSODlcpjxpdYmIiIiIiIi62VqAhz92ksFjtyJ5GJZAstqE4szbrKC
V384kfd/+3bu+sqvg89QEDGKsuhpu01sn/IzM6vaoLiD+xIhB6sKnZYtY4PHJqNjKak8nGRwTH4D
nVBXMFm8HodV7XHjJJGUkW1i63a5E5xKRERERERExjZlAY5WMMPG76JyWPLxi4ouOHRUFxUzJm0y
Y5SdVK7JnaNffhn7wlFgUIx7njGWqJgZblC0i4/aZKEtpyCmSIrw0sefAgYdchaL6KQiVVkikz/o
UV1UwpT9ixMREREREZkWUzzdSsBkdRgON7bcIEdfR5DWCXzyehNNP5cABz3jhJd9misOnoTFohnb
arRMTVQdVqha4lZ/H3c1TKJDNxozxTzP+NkzMAJdm2GxiM59z7pHeeyE4082PCSSDGyxeiQiIiIi
IiKybFMz2xreRWUZM2cvVj6YDWQ5AQ4jNlvfM7TRbWJH8XoqnwByUoqc/ZqPcf9XfpUDcRY8J6a6
54lVk//YPsGiS1TKrBInOmSpCqdYr13sOMkVATDLCe7kYYad+R2cvg2Czy963C8+6PQyCDTREpVq
3AteSXRDoPAjNyAnIiIiIiKylqYmwFEa6KKySJHRcglGgXuBWYT21jaNXVSqSb0bpBGf4LK6qJRH
rnR0ZA5XzMMJL7qErxw8kWhO4eBe1tAYHJCZjcwcSfUSlobjlvBQYHXYZNRDGGHe4NOvexwpgC1y
v/c7MQefJQUocAp8rGyOoV1UkpPb5iN2RZWIiIiIiMham7IAxwAPrHhCPqUTTgeK0Fs+Yb6sRIMF
J7W0sgeSUZBbB8wpYsZDXnsRu15yGftnjiZ4wjHCYMBiicIfqamDEaplNa3MkSaTY9hX2Vtbj0Vj
5/x1zKbWeYbYym0EoAhzjN8dZdR+GXu7cWq/byIiIiIiIhvd1AQ4+ueFdReV0RkcZVZALLM3DjfW
C+uE1jy/vbpkWV1UfPwuKqPkAN4Fh6LIIc1xG3DSCz/Frpdfzv7OUWSEaqlQ+dklS/hgFkYV9Ohl
QxiQoOqeElPVRSU4HlIT+OhXLYvBcMub82Fdgme8+Il3htZyGQMwo0NkBohhhiI47kas/gtLtowd
8b1042/++eKFr4uIiIiIiMiqmN7Zlo37G/XD1FosrVnT5TrOHgInXPApjn7RF/lBOI0DcQuELsYs
ZvPl8pVmLAPLWAaCNHXB0XHFYpbgDhidImPGD/C7jzmdslBtPcIA7uTBedzdMzKbJ9TLalbIYuAf
v7CPwzDcJiIiIiIisiFkh3oAk0n9P1uCMaaM5RKI9rHTG9dZDd6a1Bu9ZT6Td1AZn3nCLSMlYz+J
u7/0w8wWcOYO4yMvfhTb5g/SCVWXFCuLkbY/2TxAe0FS00XFGSswk8dESBG3LntnMv7ofXv4h898
nUDrm2EJ84h5wV89++cp0o+BahwTPJpm2VDrtTifc80d86Qj/LsnIiIiIiKyVqYmwFHPZRcaJ8jR
Cm5Y7D/TNBYZpVzBEZZZd8MWeV6TdlEZVwLwcplIXv0xB3zlNueUP/wUZomjHb7450/hqAM/Zkt+
kNmsQzfN0Q0BTwE3xyxg1q0+twhV1kU59kBmCS8STsAskqzL3riF1NnJL17wEf77dmdu1C16+ceM
wzFzN5BndSvayR5ycCis/6tVeNW1xgrV4RAREREREVkDUxPg6JfoZWGsQpHRKQ1yHBYM8ETCuNki
d/2990Ds0Cm6bAbucqzxht9/ImfszNmW9mJpDsjACswTiU5Vf8RxIjeEXdyWncgfvendXPzdA9wB
dDHMwN2qAFc+cjhuiQ+/9Oc4EPfQsW4VWFv5Mqjbtu6giAVW2KKFTUVERERERGR5pizA0begoCw0
eoQGJ4xWXYohz6BuE1v/PNZjcgjr/UDdcHMyd3LLywKqRZcuRpfAV28u+NmXfxCCYSmBdXDKYqie
EiEYKZVLbsysXI5k0BT6tKqgqVfdVHzxYMWsw0N23YqR4xaBVBVfXdlzee17vg6pQ1nzQwEOERER
ERGR1TY1BQEWTAk90CxROEIF7y++GVo/L7eLynpPvq26Xtl9pdzKVxwoej+nMlzj3gXP8ZQDqQlu
AL12s04VyEjVspjRORMByuAJHTLgSxc+sty/6sqSlhHXqI9xAh4yLDnv/tiPqteO0KK4IiIiIiIi
a2xKowP1sAeLhx5BrJpItybgy5mMH2re/HFoJCBLjocuxxncfct+Zj0HZrC6Re3QFrSLMyA6hGKO
uWwHt1avq4uKiIiIiIjI2piyAEe7WGgONs8Rme5fJypYWcwSykyOcQqOunvf1mbB8CPtcVogZ4YZ
hyvedn/yYMzFrKzXgbGcBxLqwAiJbmeW795WrwTrUkzbPzkREREREZEpMXWzrf7fpS8/g8Oa/9cR
gjR1oZLCAmnsT7B/RzMbXlciHCEhIyufh7ljzPP9dzyBTalD5l2cCCG0AkDL+44VATrdxGP/8N/L
drwesCM140hERERERGSNTU2R0Rk6zNOl41T1N6oJuxkQmr4qyRLBA8kSkXLZhnnoTdrdMLdy2UEw
kiUMoxunp15ppDVWzwCvlkQknIh7wEIqi3JSPp86oOE4hFhN3o26p4cZ4EYeq7a7h3E7UyMQPFEQ
cEt86cLHsP3gdSQMQiR4XbS0Dm0sLw5oHpiPm7mdiFOe8zB9pCIiIiIiIofc1AQ4ujhYGbj4UWcX
davYRCIPgabfq/VagIZQdVmpZvDlsoOAhaLa2zEKzCOJyPTkcBhFzLiucyzBQxXeKEUv76O61d4R
oQBSlbXRe6MM/tTBIsj9AJGC7rQ8imXwKtxg5nz2VY/lzNnrScwwGH5wqCI/k+i1MLbC+Y0//Qre
KoQqIiIiIiIia6Oe/m98Rpm50SQXLJ3q38Q2mldC33Ht951YBj6mYAWBmREdckIr06KqGWE+5BP1
5i0o27L279N7QmZeBYIiVW+Tw1CZAXTZqx/FGdtvxehiZEQv8NiL+RUBgiecgmD9rw/qLfepv0CB
rhfs+p0vkwfD03T8MxMREREREZlWU5PBQVW0kQlWTvjA/4dV8Oj9fzqCG1AWCi1DD+2H0ddjdchB
rfarwwIgzbnrv69jcMMolw0Bbt4rmLqqMYGM+p46wfneXzyWXXM3kJthHgGnsNC3GCV41Xp2oiSO
cglUYYH3XL6XHAipXqAiIiIiIiIia2V6MjjksBWoQk+hQ8e7dIGOQ3cVr5FZIHdjV0hc9cYHMOM5
8wGwDqEV2QqhF+JwA/cCLI2fweGBPOSEbsHOZ15OYQ7eYXXvRkRERERERAZNXRcVOdwYyeA4gy+8
7slkVTbHqocDPPH1NzyOq998P8DoWiDRIfpq5lYkcCOLs7z54n1VMdMIyt8QERERERFZc8rgkEOg
7t5S1g05yhLXveaBhOAUZvzXtYEnvfXzzGHlihp3MCN6vdSjyfnoO2f5upf/twKr6o584gXn8oAT
EzPkuNXXrQ/rX3/SzuAASEyQweGBFAoCs+z47f86bCuYiIiIiIiIbEQKcMghUja73Wk511z4YDre
BStwOgSfIzncsvk0nvDqj3PF7oMcqL6qvT+rwISl5htcf5k3Aeedvp2/+f0Hc3RxC3kWCKkgRig8
Yd5uL7OKAQ7AyHnQi7/F1246wMIgjIiIiIiIiKwVBThk3QUgmbED57oLH8gmP8C+uJXMu4Q84tYl
t00Edzw4gYN0Z7cxFzZzUzyOf/z457niih8BkBmcfc+TefKjHsSWfA8zYR9ZsZ+ZzCBPlF1jCsqY
RigLa1jrK79IgKOsezpJF5XELdlp3Pnp7yMFpqZorYiIiIiIyOFAAQ5ZH8GwulVqDBzniR+96r4k
M5ItjBiYGVi5lKX9Fa0zJZJVfWNCAVgVjTAsDP86m/WOscE32sOcsMhoHS8JlijCLDufcQlFyjBy
/cMSERERERFZRyoyKusiJscJOIFdnrj2wgfQJZAsDt3fvQ4PLNWjdbwerqle0TLecMdmDngkFcZD
XvAVCrcqaqh/WiIiIiIiIutJszBZFwnAjBNC4gev+CmKPJFhmA8PcJSW/npaMiyFMnJh678mJBWO
x3kuu+0EvnbbQcwNJyeo/oaIiIiIiMi60hIVWTNlrQ2IbhQ4xwW4+pUPYNYKcgtAwEhNdsUgay0X
sSpgYGZVbQwoQsJSuTTFQyIB0RaeLAH1KhhzmuOrE/aPeYwlKt2YkxUd5jMjw7m92M4pv/spgnt5
LfSPSkREREREZL0pg0PWlgcKi5yUBX74ivsSizkSgeAQPI0MBNiQQEXf+74wiLBeX+ZOMUMKTic3
DqaMO53/H5g7qRqBghsiIiIiIiLrTwEOWTNOhkU4ISa+9fL7kizDYyQ3SO6tOhsDzHpBAktg+ZLX
shTKpSrroBsT0XM8M044/xKcDk52SJbIiIiIiIiISEkBDlllRl3K00POSQY/fPnZzFAQySksAEUV
uEiMyncYtWxlkK921dCRAlgimROTMRc2sev8Syk8g9BlhqWDMCIiIiIiIrJ2sqV3ERlfpKxD4Wac
EIzvvOL+BHdyIlhBlhIh9AqLDg1vuBOwKk7io/YqmePWaiM7pE9KKHcr28ROEBBpL4Nxmwc6gHMg
RH7idy/lYDIgQYL5kTcjIiIiIiIi60EZHLKqEgEn8hNZ4IpX3hfM6eKAgQfA8Gp5ymJLVFZ9XMs4
pVuvFkhkFk9GN+7kpN+5lIPeqcavZSkiIiIiIiIbgQIcsorKjIYzZozvvuJsMoyQCkKT2lB2TmmW
pwxZorLWSRBhGRcwM7qh4GbfxrHP+ASFGykV1KEPEREREREROfQU4JBVYzinbM748kvPhhSAREwz
pL5lI4k668GIDH4Fy1UpXm5LCliysrioj/4qLzfHwtzImCf3yMev2cFPPOvTFJ5R9n6pO8AUyzy7
iIiIiIiIrCbV4JBV48C1B3Mu+PhNvPHROzBmKKzAzbFRxS+MZkmKuw+poFGd28pAxbAvrBtr0sEk
RafLVs589qVcOx/BEsGTFqWIiIiIiIhsQIZKI8pqMQhuJCJHk3PFqx/JNruRkGZbxT8TFgogYERS
sKbw52CAw0IAK4BEIuIGmZfFR82hG8Hcy7/Uxwyp35EAqxI8gg/U4xjYP4ReJsiPDu7kjOd9HK8K
nkZ3Cv2LERERERER2ZA0XZM1MxuMp517V97280fRtUjXM2bo4iE1dTmShZFFRcsAR7mkxaolKGZl
QMQc8tCLbdRZHJMHOJzCApkXOJEQI92iw92f+19cn9voQqgiIiIiIiKyoSjAIWuozHzouPPpFz2a
B2y9keQZ0RK5OZiVmR2rEeAIqXl/0KIBDiJmBYV1CCnw4n+9irdefBNFnnDKgImCHCIiIiIiIhuf
AhyyZgLll8sxAmX9jM++5DHcfetNxJQTQsBtdHHQEBJN5xV6AYx2gKN8sVcVY9IARwoOPsurPnUL
b/zAt0gOOUbEVT5URERERERkiijAIesuEHjH087mV+6+jRnbj4eCLpHoCTxVGR2GhYCR8Kq1bJn0
URUkrYIUyRw3x6k6sFggeAKMwgLBHSzhAZIZIRkpZHQ8cUdnK096xX9x6Y1dcEitQIqIiIiIiIhM
FwU4ZN2FEHF3osGOlLjoFY/mbp3bSCER3KsMjYjFaumIJ6wOPIRe+kUCWBDgMJIFoicKi0TPAXDL
yHyevbaVS248il9+7ceYB5yAEzHvloEUBThERERERESmkgIcsu7qjipuhjlESySHHcCbz38Ijzl9
M7P5AWY6BaGYB7ImwOHB+r+wAwEOs3I5TOFlkMPjZq5NO3jNP13Me750B/uTAREsBy+PCaDlKCIi
IiIiIlNOAQ5Zd/1fujproj97IgAdYAvwqz9zOr9y3j04blOXE2cTWdrfC3gYzFmHPb6VPblx/f4t
vOWfPsZ/XnmAOZy5ZY9LREREREREponmdLJhlV9Og5CBd8FDnftB/9fWytoblkjuqOmJiIiIiIjI
kUcBDtnQAmXXk+j1MpIRX9nq5Va/leH7iYiIiIiIyGFJs0DZwMrerk0nFdLAN7bXYrZZstL8XV9s
ERERERGRI4nmgSIiIiIiIiIy9cLSu4iIiIiIiIiIbGwKcIiIiIiIiIjI1FOAQ0RERERERESmngIc
IiIiIiIiIjL1FOAQERERERERkamnAIeIiIiIiIiITD0FOERERERERERk6inAISIiIiIiIiJTTwEO
EREREREREZl6CnCIiIiIiIiIyNRTgENEREREREREpp4CHCIiIiIiIiIy9RTgEBEREREREZGppwCH
iIiIiIiIiEy9VQ1wmNlqnm7i6x7q68v6maZnPk1jFRERERERmVarFuC4+OKLKYqClBJFUXDcccct
eUxKqdl/UIyxeX+pzd0BuM997tP3mpkRwsJbNDPMrNkvz3Oe/vSnN+OfdKuvP64QAiEEzjjjjOb4
emuf96Mf/Sizs7NDjx93rIOuuuqqvnFv37590bGaWd+1JnHNNdcsuKfB7bzzzhv6GQ26/vrrm3Pd
6173WnL/2dlZvvGNbzRjH3y+7s4ZZ5xBCIEYY9+xwz7XwecwyTZK+zvu7uzbt2/JYEj9vR3170ZE
RERERORItepLVOoJ2o033jjWZG1UEKIoiub9pbba5Zdf3vdaPZkfdt3nP//5zX4pJd75zncSQhj7
msOuP+7zOfroo+l2u3z729/uO74OytTb4x73OA4ePLjgHCmlZY+tfQ2AO+64Y9HxuvuC5zLJvdb/
H7VddNFF5HnOZz7zGcxsQbBh1H2PCiqZGd1ul/3793PmmWcuGHP771deQ7SqCAAAIABJREFUeSUP
fehDF3xHht1n/RyGXW/Uc3frHTvMli1b+vbfvHnzyHsfdU0REREREREprUkNjnry9Z3vfGes386v
pvYE+c53vjOdTmfBPiklLrzwwubvMzMzE14ltbbJsjee8pSnsHv37tbk1IHEtdf+kG9+8+tcccUV
5Hne7L979+4Jxza517/+9Wt+jf5n1uNWbj/9sIeRp2JkxoNbKjcWzyJJKSdGa65jZuzdu5dvfOMb
fOMb3+CWW25p9jUzLr744okzcOoxlwGMxKh7q/cd5frrr1/w2imnnDLRWERERERERKS0ZgEOKAMM
k04eFzvnOFkKKSXOP/98oMwCOXjwYN8+IYS+JQt///d/v+Q1Fo4jtrbxH+GOHTv4x3/8x74shBgz
Yuxw6qmncdZZ9+bMM89kZmaGEAI7duzg+OOPX7VnM4y789znPnfse1iuc845t3lm9RKdLMv494/9
G+YQzAhYX+ZOWyASLcNGfGXrzxVCc51nPetZmBnbt2/nrLPO4qyzzuLYY49tMlLe/e53T3QPdbZR
tN522WWXU/4zCrz97X/Vl5VU7zPKli1bFvz7+OEPfzjRmERERERERKS06gEOd+eWW26pJu+xWVaw
nt7xjnc01zcznve85zUTz5NPPrkvwPC0pz1t3cZVZw/UwZV2DYa2+v2llo8sV5kH0av5UNd1WBtD
shqq+yuKgsc//vGceOKJzXtmzhOf+MSJA2Mf+MAHektD3DnqqKN429veNnTf+ty//uu/PtE1VtML
XvCCZix3utOd2L9/P1BmoNQBGBERERERERnfqgc4iqJg165dfRO09Z5IujtZljUT2T/5kz9pXr/m
mmua/YYtX1krJ554Yt9ynfb4DpVt27b1/f3ss89e9zG4O7t37+5bKvL+979/7OPrAM3jH//45rW3
vOUtHDhwYNXHulrMjFe/+tXNz9dddx33vOc9mxokz372sxXgEBERERERmdCqBzjqifvd7na35rW/
+7u/W/eiiCkl3ve+9zXXveGGG/iHf/gHoJxUX3rppWuYtbDQJZdc0kzg8zw/pMGNQLkcxMy44IIL
gHKifdlll63J1Zbi7px33nm90S3je9I+5jnPec7UdBipl+T88Ic/rL4TgT/7sz875MEvERERERGR
abMmNTjcnauuugqgCSLs27dv3SdtT3nKU5pr7tq1i1/7tV9r3nvoQx+6rmO5853v3EzC/+AP/mBD
TGDNjAsvvLBvLBdddNGqXmPcuxzsdHLyyScvPNeQZ+buVcHYQ/88x3X11Vc3S6ROO+205r727dvX
7LNYNxkRERERERFZaM1anNQ1Juq2pJs3b2bTpk0rOt+obZSUEtu2bevbpyiKQ7I8pD2Bf9vb3jY0
S2GxNqSjuDuFJwpPpCHPZqljzYzZ2dnm7w877zyyLFuVbJuUEj5B4KH+TNyds846q/9cVd2QwbOF
EDn33HPKPRxuuOGGBedd7F4Wa6e7Ft8RM+PUU09tfr7uuuuaz2H79u3Nda+77rqxziUiIiIiIiKl
NSky2v75P/7jP4BysrtWdRFGtaINIXDw4MGh+67n5LB9rfYkvu2pT30qRVEsCFCklHjCE56w6Lmb
JScTjqu+Rrfb5dvf/jZQdjPpdrur8nxCCIQxR9UOxgwN/mBEW3i2lAqOO+54IGIGN91009Bzj9rq
jjqD1mpJ1ZYtW5ouK+12wPUY6uvu2rVryXNthCwgERERERGRjWLNMjhqj33sY0kpEULA3fnQhz40
8TncvWktOmwbVUujnrwPTlT37NmzrHtZDas9aa4zZYY9lzqDZsExQ85z5pln9v39Gc94xqqOcymD
AYXbb7997ON2797d/H2wcOpG0x7rsBbA7QBNu7uMiIiIiIiILG5NAxz15HrHjh1AORn9hV/4BbIs
azIpxin0WdcrmHSJyv3vf//mOgcPHmyyBDZt2sSDHvSgld7eRNr32a4FUnvXu97VtLUNIXDllVeO
dd66xeuo7IRhvFruMTi+uj2ru/PWt751HVrIDufufOELXxh8tbX17/v5L36huZ/TTjut7/36Htrb
Ut1zlpcZMd4xMzMzzTO+6eabF3xmxx57bLPvOMtUREREREREpLTmGRwAe/fupdvtNhPHOtiwVI2I
lTAzvvjFLzbX2bp1K0cddVSTDXLppZeuW2cXd2f//v3N31/3utcNvW4dSFjL5wK9LiqDY/zwhz9M
SqkJsuzevXvNx1JrBx2GX89aG337vvD5L2jupx5vHdgaFgQrWktDhlne/S59zDOf+cy+4qFhyHXq
gFL9OSx/PCIiIiIiIkeWbL0uNDs727TuDCE0SyLWavK2d+/e5vzvete7SCmxd+9edu/e3SwNuOmm
m/p+Y76WHvGIR/ClL30JgJNOOmldrrkcnU6nCbQcc8wx67JMwszYs2dPE5xYScaIu/OIRzxi0W4w
dR7IeoYN/n/27jvOiur+H//7sqwCooiKiBgECwQSokRJTFA/llijxopR0Y8NjcYSSzAKfqIxxUSN
Ro0ajahfeyRGLBgRFFsUFRGwUgQFBER6W3bZnd8f/PZm79a7C7sw8Hz6uA+ZmXPmnClb5rUzZzKZ
TNx+++0RsTrIeumll2os+z//8z+xySabRETEmWeeGYMHD26SPgIAAKRZkwUcERHnnXde3HXXXZHJ
ZOKDDz5otLdUbLPNNtGyZcvsBfMZZ5yRXd6hQ4coKSmJiNUX8DvssEPMnDmz0QdsHDNmTM7dEIsW
LYo2bdqslwNFPvHEE3HCCSdEJpOJmTNnNupdNplMJu67777sBX1ZWVlss802VcqWP3JTeUDZ8v03
bdq06NSpUzRr1ixGjhwZzZs3z1leZX3//xtZ8h0EdW0o738mk4lDDjmkxr5tvvnmsWjRoshkMnHv
vffmBBwV70hZH88dAACAdaVJHlGJWH0xdvfdd2ffFFJaWpr3hXNdF3KV1/PVV19l5zdr1ix750jE
6ovMgw46KFtn+vTp9dmMNVL+NpTyV4LWdKfCun4k4cQTT8zu85reULM2bL/99lFaWhqnnXZadt7E
iRNj4cKFVY55komITKbGkS523nnn7L8zmUyUlpZG9+7da22/Kffy+PHjs8d1ypQptZ7T5XezlCsP
a7KyT+vUvgXr+jwCAABoSk0WcEREdiyMTCaTMxZBPsrHJajuU/FicPjw4RHx37drVHch+eqrr2Yv
/pIkialTp67BVuWnWbNmMWzYsJg0aVJ2XnnQU353wqpVq7L/79atW97rLq9f3ae+yu8y6dKlS04w
1HCr+/D222/n9DNJkirh0hdffBHdu3ev9pg1i0w0y9T+KtyOHTvmvHr1ww8/zGmv4uCrmSQa8GLd
hslkMvGtb30re8717NmzzvBhwYIF2X9Pnjw5Z13l/zWrMF5HdZ+1c/wAAADSoUkDjoiIkpKSmDVr
Vr1ur6/uTRgVP+VlNtlkkzjwwAOzF7Lt27ev9kKytLQ0+1fxTCYTO+ywQ2yxxRaNerdC+UV29+7d
449//GOVOyTKQ5/K/a3tbSgVVa63JgOolpWVxeeffx7Lli1rUP3aVOxTxZBpt912i86dOzd4vWVl
ZTF79uzYYoststPlbVS3b2qbbqjqzulMJhObbrppzrauXLmy1vM/k8nEtttumw0qOnXqVOPxrOvr
AgAAYGPR5AFHkiSx/fbbN8p6V65cmX37xOmnn15j2fKBLN97771IkiQKCgpi/vz5TfI61NLS0vjV
r34VBQUFcf3111dbplmzZjFv3ry4/fbbs3d+5CvJ/P+ftdDXtm3broW1VJXJZOKzzz6LG264IRvs
TJgwoY5aZRU+NSsuLo5MJhM9evSIWbNmVVsmSZIYNWpUtGzZslFDrXJff/119t8PP/xwneWzd7qU
v843k8m+arlu+e0nAACADU0m1s61MGtJs2bNqn21KfWXyWSq7MfyuxvsYwAAgA2LgAMAAABIvSZ/
RAUAAABgbRNwAAAAAKkn4AAAAABST8ABAAAApJ6AAwAAAEg9AQcAAACQegIOAAAAIPUEHAAAAEDq
CTgAAACA1BNwAAAAAKkn4AAAAABST8ABAAAApJ6AAwAAAEg9AQcAAACQegIOAAAAIPUEHAAAAEDq
CTgAAACA1BNwAAAAAKkn4AAAAABST8ABAAAApJ6AAwAAAEg9AQcAAACQegIOAAAAIPUEHAAAAEDq
CTgAAACA1BNwAAAAAKkn4AAAAABST8ABAAAApJ6AAwAAAEg9AQcAAACQegIOAAAAIPUEHAAAAEDq
CTgAAACA1BNwAAAAAKkn4AAAAABST8ABAAAApJ6AAwAAAEg9AQcAAACQegIOAAAAIPUEHAAAAEDq
CTgAAACA1BNwAAAAAKkn4AAAAABST8ABAAAApJ6AAwAAAEg9AQcAAACQegIOAAAAIPUEHAAAAEDq
CTgAAACA1BNwAAAAAKkn4AAAAABST8ABAAAApJ6AAwAAAEg9AQcAAACQegIOAAAAIPUEHAAAAEDq
CTgAAACA1BNwAAAAAKkn4AAAAABST8ABAAAApJ6AAwAAAEg9AQcAAACQegIOAAAAIPUEHAAAAEDq
CTgAAACA1BNwAAAAAKkn4AAAAABST8ABAAAApJ6AAwAAAEg9AQcAAACQegIOAAAAIPUEHAAAAEDq
CTgAAACA1BNwAAAAAKkn4AAAAABST8ABAAAApJ6AAwAAAEg9AQcAAACQegIOAAAAIPUEHAAAAEDq
CTgAAACA1BNwAAAAAKkn4AAAAABST8ABAAAApJ6AAwAAAEg9AQcAAACQes2Li4vXdR8AAAAA1og7
OAAAAIDUE3AAAAAAqSfgAAAAAFJPwAEAAACknoADAAAASD0BBwAAAJB6Ag4AAAAg9QQcAAAAQOoJ
OAAAAIDUE3AAAAAAqSfgAAAAAFJPwAEAAACknoADAAAASD0BBwAAAJB6Ag4AAAAg9QQcAAAAQOoJ
OAAAAIDUE3AAAAAAqSfgAAAAAFJPwAEAAACknoADAAAASD0BBwAAAJB6Ag4AAAAg9QQcAAAAQOoJ
OAAAAIDUE3AAAAAAqSfgAAAAAFJPwAEAAACknoADAAAASD0BBwAAAJB6Ag4AAAAg9QQcAAAAQOoJ
OAAAAIDUE3AAAAAAqSfgAAAAAFJPwAEAAACknoADAAAASD0BBwAAAJB6Ag4AAAAg9QQcAAAAQOoJ
OAAAAIDUE3AAAAAAqSfgAAAAAFJPwAEAAACknoADAAAASD0BBwAAAJB6Ag4AAAAg9QQcAAAAQOoJ
OAAAAIDUE3AAAAAAqSfgAAAAAFJPwAEAAACknoADAAAASD0BBwAAAJB6Ag4AAAAg9QQcAAAAQOoJ
OAAAAIDUE3AAAAAAqSfgAAAAAFJPwAEAAACknoADAAAASD0BBwAAAJB6Ag4AAAAg9QQcAAAAQOoJ
OAAAAIDUE3AAAAAAqSfgAAAAAFJPwAEAAACknoADAAAASD0BBwAAAJB6Ag4AAAAg9QQcAAAAQOoJ
OAAAAIDUE3AAAAAAqSfgAAAAAFJPwAEAAACknoADAAAASD0BBwAAAJB6Ag4AAAAg9QQcAAAAQOoJ
OAAAAIDUE3AAAAAAqSfgAAAAAFJPwAEAAACknoADAAAASD0BBwAAAJB6Ag4AAAAg9QQcAAAAQOoJ
OAAAAIDUE3AAAAAAqSfgAAAAAFJPwAEAAACknoADAAAASD0BBwAAAJB6Ag4AAAAg9QQcAAAAQOoJ
OAAAAIDUE3AAAAAAqSfgAAAAAFJPwAEAAACknoADAAAASD0BBwAAAJB6Ag4AAAAg9QQcAAAAQOoJ
OAAAAIDUE3AAAAAAqSfgAAAAAFJPwAEAAACknoADAAAASD0BBwAAAJB6Ag4AAAAg9QQcAAAAQOoJ
OAAAAIDUE3AAAAAAqSfgAAAAAFJPwAEAAACknoADAAAASD0BBwAAAJB6Ag4AAAAg9QQcAAAAQOoJ
OAAAAIDUE3AAAAAAqSfgAAAAAFJPwAEAAACknoADAAAASD0BBwAAAJB6Ag4AAAAg9QQcAAAAQOoJ
OAAAAIDUE3AAAAAAqSfgAAAAAFJPwAEAAACknoADAAAASD0BBwAAAJB6Ag4AAAAg9QQcAAAAQOoJ
OAAAAIDUE3AAAAAAqSfgAAAAAFJPwAEAAACknoADAAAASD0BBwAAAJB6Ag4AAAAg9QQcAAAAQOoJ
OAAAAIDUE3AAAAAAqSfgAAAAAFJPwAEAAACknoADAAAASD0BBwAAAJB6Ag4AAAAg9QQcAAAAQOoJ
OAAAAIDUE3AAAAAAqSfgAAAAAFJPwAEAAACknoADAAAASD0BBwAAAJB6Ag4AAAAg9QQcAAAAQOoJ
OAAAAIDUE3AAAAAAqSfgAAAAAFJPwAEAAACknoADAAAASL3mNS149rnh8ec/3xUREe+P+yAiInbf
7dt5r/jAA/eNgVf9Yg27BwAAAFC3GgOOpUuXZ4ONcpWna7Pbbt9qeK/ysGpVaZSVlWWnCwubRyaT
adQ2AQAAgPVTah9ROfV/z4/ttv9W9vPuu++v6y4BAAAA60iNd3BU54/X/1/eZXfccYd6dwYAAACg
IfIOOA45ZP/of3a/xuwLAAAAQIOk9hEVAAAAgHL1ekRlTTz5r+eiaEVRREQUNG8eJ/b9SUREzPxy
dgwf/nKMG/dhzP16Xmyxeevo2bNHHHbogdGlS6ecdfz73y/F/PkLIiLihRdezll2x533xUGTPouI
iG7ddok99titxr7M/HJ2jHr59Rg3/qOYNXtOtGrZMrbffrv4wV57RJ8+34/NNmtVY91nnxseixct
yU4fd9yRUVBQEMOHvxwjX3otZs/5KrruunP8+v8uz3vf/OOJp2NVSUl2+sgjD4nNN29dbdmRL70W
c2Z/lZ3u0+d7seOO36i27PTpM+PlUW/E+PEfxVdffR0FBc1iu+22jW7ddol99/lB7LTTjnn3sSn3
2do4V6qzYkVRvPb6WzFmzLj4/PPpsXjJ0th6661ih44d4oc/7B299+wVLVpsWmP9Z559IZYsXpqd
PumkYyOTycTkyVNjxMhX4+NPJsbXX8+PNltsHr16fScOP/xH0XH77XLWMX7CRzFy5KsxefLUWLBw
UWyzzdbRa/dvx2GHHhjbbbdtndtQvh8aeiwAAAA2VJni4uKkugWPPf5UnP/zAdnpQw7ZPx59+G8N
buh7ex0SkydPzU7P/vLDuHfww/G7390cy1esqLbOLTf/Nk47tW92+oS+Z8XIl16rs61BAy+JSy85
r8r8ZcuWx6233RO3/OVvUVKyqtq6O+/cOX533ZVx8MH7V7v8x0eeHG+++W52etzYl+PX1/wpnhr6
fHZejx5d4/VXn62zn+W+1XOfmDVrTnZ6wvhXq1wYlzvv/F/G4/8Ymp1+/LF74qAf/U9OmaVLl8UN
N/01brvt77W2e/r//jSuGHBhtG/frsYy62KfrY1zpaIkSWLIP5+Ja6+9Ib6ssJ8r2323b8fvfzcw
9tprj2qXH3xo35zBbCd9Ojru+tsDcdOf76i2fKuWLeOOO/4URx15SCxcuCh+fe2f4sEHn6izbE3W
xrEAAADYUK2zR1QuH3BNDBz0+xovWCMifnHJoHj1tTfXSnsLFiyMM868KG648a81XhxGREyZMi1+
evK58djjT+W13ssu/3XOhXpExCaFm6xRX9fE8hUr4uz+l9QZbkRE3P/AY9H3xLNjzpy51S5fX/bZ
mpwrSZLEtdfdGOf+7PJaw42I1a9BPvb40+ONN96uYwtW63fa+TWGGxGrj0X/cy6JV179T5x19i9q
DDcqlh0zZly1yxvrWAAAAGwomuwRlcoeemj1xd4Jxx8Ve+65e0REjBnzfvzjiadzyt12299j331+
EBERp57aNw4//EcRsfoiuaJDDtk/Dj5ov4iI6NG9a86yJEniyqt+GyNGvpqd17r1ZnHG6T+N7t27
xdKlS2P48FE5yy+97OrYfbdvxTe/uWut21GxTrmC5gW11mlMgwc/EsNfHJWd3nnnznH5ZT+Pb32r
W5SVlcX4cR/G9X+8NXuxP+GDj+M3190Yf739jznrWZ/2WUPOlXLPPDs8br31nux0YWHzuODnZ8f+
+/eJVq1axbRpX8QddwyO98ZOiIiIoqKVcdEvror/vD4sNt209qBq9Ogx0br1ZnFi36Pjm9/cJVat
Ko3XXn8rhg0bkS1TUrIqjjn29Oz08ccdGd/7Xq9Ikoh3330/nhjydE7Z227/e9x/32057TTmsQAA
ANhQ5B1wvPDCy/HII//Mq+xxxx1Z58VhRMSwZx/NeRyg/9n94sAD941zf/bf8StGvvRafPXV17Ht
ttvk3L4//MVROeNwXPqLn0Xv3r1q7HvFi+EOHdrHk0Pui27ddsnOO+vMU+Ivt94dv7nupohYfaH7
l1vvjjvvuKHO7TjwgH3ivPPOiB7du8amm24SRUUr66zTGMrKyuLv9z6cM+/Rh/8Wu+zSJTv9nZ49
onfvXrHvfkdl7wR49LF/xa+uuCi+8Y2O2XLr2z6r77lS7rbbc+9kue3W66PvCUdlp7/bq2ccsP/e
cfChfbOPxUyd+kW88up/soFZbUa++M/YddedstPnnnNa3HnX/TFw0O+rlB3yxOA4YP+9q2zDz877
7zY8/cwLsWjR4mjTZovsvMY+FgAAABuCej2icsFFV+b1Wbmy7gv8C35+VrVjHRx7zI9j550758yb
Nu2L+nSzijvvuj9n+g+/H5RzcRgRkclk4ufnnxW9dv92dt7j/xgasysM6FmThx68Mw7Yf+/Ybrtt
o23bLaNDh/Zr1N+GWrBgUXzxxYzsdLduu+SEGxXnH3bogTnzPpv6ec70+rTPGnquLFu2PDZr1Sr2
3ecHse8+P4j/2feH1Y5xseWWbeLkk47NmTdlyrQ6t+FXV1yUE26U+9//PTG23LJNzrw999w9J9yo
uA0Vg6WIiM+m5p7vjX0sAAAANgTr7BGVEyr8Fb2igoKC6Pnt7jkXmIsWL6m2bD6mT58Zr73+VnZ6
u+22jUNqGICxsLB5HH30j2Ps+x9k50344ONa327x55t+k9fdKk2hZasWOdOffjo5Pvvs82rflvL3
e26JsrKy7HTzCo+IrG/7rKHnymabtYqn/vVAXm1sv32HnOk5X1U/LklFBx9c/R0erVq2jO7dd80Z
WPWE46vfhubNC6JHj64xffrM7LwlS/67DY19LAAAADYU9Qo4Ko9vUJOCgrrHoGjZokWNyzZrvVnO
9KpaBlWsy4QJH+dM/+hH/1PrxXXnzjvkTE+ePLXKW0oq2m23b9e4rKm1atkyjjn68PjXU8Oy8445
7vS45Bfnxv779YlOnXaITCYTEeWBRvXHaX3bZ2v7XFm+YkXM+3p+LFu2PEpWrS7/zjtjc8qUriqt
cz21nedbbLF5znSnSndpVNR6s9xtWLmyOPvvxj4WAAAAG4q8A441fU3smkiSat9km5fZc3Jv0X/o
oSdyBoGsrLi4OGd60aLFta6/+TocULQ6A6+6JEaPHpMdRHT69Jlx6WX/FxERXbp0ikMPOSB+8IM9
Y5+998oZ56GiNO+zms6VmV/OjqeeGhbPDXsx3nprTKO1X5OtttqyQfUa+1gAAABsKNbZIypNpboL
vPnzF+Rdf/nyml9Nuj7aaacd45mnH46rBv0uZxDWiNWDZ9551/1x5133R+vWm0X/s0+N8352emyz
zVY55Ta0ffbA/3s8rv6/62Pp0mXruiv1tqEdCwAAgMaywQcc1f1Fv1XLlnnXzzTLrM3urLEVK4rq
LNOlS6d45KG74u2334sXR7wazz43PCZOnJJTZunSZXHzLXfFkH8+E/947J6cQSs3pH320ENPxCWX
Xp0z7/jjjowDD9w3tt++fbTYdNOIiBh83yPx+D+Grosu1mpDOhYAAACNaYMPOCq/zeLKX10cv7z8
5+uoN2vupZdfz6tcJpOJ739/j/j+9/eIgVf9IqZMmRZj358Qw4aNiKFP/ztbbvr0mdH/nEvjxeFD
smM7bCj7bNGixTHo/67Pmffow3+LQw6pOkjn51/MWC8Djg3lWAAAADS2er0mNo122GH7nOl3331/
HfWkZs2b5+ZMFd9uUllDHrPIZDKxyy5d4oTjj4r7Bt8aI4YPyXmzxgcffhKj3/7vuBRp2Gf5ePud
sbG4wltVjj/uyGrDjYiI0tKa9/m6tKEcCwAAgMa2wQccvXbvmTP94ohX4uOPJ9VZr6hoZWN1qYpt
tm6bM93QgSHvvOv+6Hfa+dnPhx99Wm257373O3HG6SflzJsx/cvsv9Owz/Ixe1buAJ0779y5xrL/
+tdzjd2dBtlQjgUAAEBjS23AUfnVoUuXLa+2XLt2W8epp56QM2/Q1b+PJUuWVls+SZK4d/DD8b+n
X9Bkb6DYaafcC+833ni72nLjJ3xU63qaNWsWw4aNyH5Gjni1xrKlpbmvQW3R8r/7Mw37LB+btW6V
M/3+uA+qHdNiwYKFMfzFUU3VrXrZUI4FAABAY8s74HjhhZfr9XnzzXcbs9/Rvn27nOlHHvlnzPxy
dixfsaLKWyYuOP+saN16s+z0y6PeiBNP6h+vvf5WrFy5+rWaJSWr4r2xE+KCC38Vvxxwbbw44pU4
86yLm+Qica+99siZ/sP1f4l/PvlsLF68JFatKo3Zs7+KRx75Z/Q98exa1/PjHx8UhYX/fdzlTzfc
Hk/+67lYtSo3zPjPf96Jv9/7cM68yncKrO/7LB/f7LZrzvQLL7wct/zlb9nHVlauLI6XR70Rxxx7
epW6i5csqTJvXdkQjgUAAEBjq9cgoyedcm7eZQ85ZP/4wQ/2rHeH8tW7d6/4293/Lzv9zyefjX8+
+WxERJxyyvFx219+n1226647xS03/zbO7n9Jdt5bb42Jnxx9WhQWNo/227aLGTNnVWmjZauW0aLS
nSKN4YgfHxzX/ubG7Pgaixcvif7nXFrv9ezQsUP85tpfxZVX/TaWc6o1AAAgAElEQVQiIpavWBFn
978kOne+Ob7/vV5RuMkm8fHHE2PMmHE59c4/74zo0qVTzrz1fZ/lo0ePrnH0Tw6Lp4Y+n5133W//
HNf99s+xQ8cO1fa/3Ny585qii3nZEI4FAABAY0vtIyoHH7Rf7L7bt6tdVt0gncce8+N45KG7Yqut
cse7KClZVe3F4amnnhB/u/PG7JtFGlP79u3iL7f8rs5ye+21R5x9Vr9ay5zT/9S49tcDcu7kmDbt
i3j8H0PjoYeeqBJunHZq3xh41SWVVxMR6/c+y9cNf7om9txz9yrzK/Z/yy3bxMCrfpGzfPy4D6s8
xrMubQjHAgAAoDGlNuBo3XqzeOD+2+Lww3+Ud51DDz0g/vP6c3Hlry6uccDJww47MIY8MThu+fNv
Y7PNWlVbpjEcc/ThMfSp/xc//GHvKst26Ngh/u/qy+KJx++tdaDMiNVvTLnwwrPjxeFD4qwzT4kt
tti82nJH/PjgGPLE4Lj5z9dFy5Y1/5V/fd5n+dh667bxr3/eH1cPujR26NghZ1lhYfM46aRjY8Tw
IfHz88/KebPMl7PmxLjxtY950tTSfiwAAAAaU6a4uLjqqIsp8+WsOTFzxpdRWloWbdu2iS5ddoxN
NimstU5ZWVlMnz4z5s1bEEVFK6P15pvFjp12iDZttmiiXtds5pezY9aXs2PVqtLYaqsto3PnTnVu
T02WL18es2fPjfnzF8SqVaWx+RatY8dOO+SM6ZCv9Xmf5WPlyuL4/PPpMX/+wthk002i8447VLkj
Ii3SfiwAAADWtg0i4AAAAAA2bql9RAUAAACgnIADAAAASD0BBwAAAJB6Ag4AAAAg9QQcAAAAQOoJ
OAAAAIDUE3AAAAAAqSfgAAAAAFJPwAEAAACknoADAAAASD0BBwAAAJB6Ag4AAAAg9QQcAAAAQOoJ
OAAAAIDUE3AAAAAAqSfgAAAAAFJPwAEAAACknoADAAAASD0BBwAAAJB6Ag4AAAAg9QQcAAAAQOoJ
OAAAAIDUE3AAAAAAqSfgAAAAAFJPwAEAAACknoADAAAASD0BBwAAAJB6Ag4AAAAg9QQcAAAAQOoJ
OAAAAIDUE3AAAAAAqSfgAAAAAFJPwAEAAACknoADAAAASD0BBwAAAJB6Ag4AAAAg9QQcAAAAQOoJ
OAAAAIDUE3AAAAAAqSfgAAAAAFJPwAEAAACknoADAAAASD0BBwAAAJB6Ag4AAAAg9QQcAAAAQOoJ
OAAAAIDUE3AAAAAAqSfgAAAAAFJPwAEAAACknoADAAAASD0BBwAAAJB6Ag4AAAAg9QQcAAAAQOoJ
OAAAAIDUE3AAAAAAqSfgAAAAAFJPwAEAAACknoADAAAASD0BBwAAAJB6Ag4AAAAg9QQcAAAAQOoJ
OAAAAIDUE3AAAAAAqSfgAAAAAFJPwAEAAACknoADAAAASD0BBwAAAJB6Ag4AAAAg9QQcAAAAQOo1
r6tAWVlZrFy5MpYvXx4FBQWRyWQik8k0Rd8AAACAjVCSJFFWVhaZTCZat26dzSNqU2fAkSRJLF++
PObNmxfNmjWLgoKCaNasWSRJstY6DgAAABARkclkorS0NMrKyqJ58+bRokWLaNas2doJOIqLi2PR
okXZhjKZjIADAAAAWKvKM4fS0tKIiGjZsmX233WpM+DIZDLRvHnzaNWqVWy66aax6aabRkFBQaxa
tcqjKkAqlX/v2liD2o15+227bd8Ybczbb9s3zm0H0i2TyURBQUEUFxdHUVFR9imSfNQZcERENGvW
LAoLC6NFixbRsmXLKCwsjFWrVtX5DVMAAgAAAJSrK0coKCiIgoKCKCoqypbN5/GUiDzv4Cj/lDfU
rFmzaN68eZSVleW5CQAAAAC1Kw8z8g01KsrrDo6Kyhsqb7jysnzqAwAAABu2uu7WqG55xTe31nf8
z7wDjop3ctSUpAg4AAAAgIiGBxxJkjQoO8gr4KgYblROUyqXy2ddAAAAwIatvgFHxWCjWbNm0axZ
s3oNjVGvR1RqCycaEnYAAAAAG6bqcoGKoUZNj6A0NF+o1yMq5f+vuPKa7uaoTycAAAAAKmcP9ckV
GnwHh2ADAAAAqI/yvKD8zo2K02uaJdT7LSrlHajcuPE3AAAAgIpqGoejuqCjPGeoz5tTKmrQa2Lz
mVffsgAAAMCGofIdGpXnl6scdESsHmC0IRpWK2p/RKWm+cINAAAA2PDVJyvIZ1k+GvyISl3zBBwA
AABARdWNtVHx0ZSKj6jUN0No0FtUalpW278b0jkAAAAgneoaT6O68Tca8vaUcms0yGj5vyvOry3U
EHAAAADAxqHi3Ro1vTWlcshRsWx91WsMjsppSl3hRuW6AAAAwMYhnyc8anpKpCEZQoMHGa2r8Yrz
hBsAAACw8alPyFH5ZopGG4OjYmM1zatrzA1BBwAAAGw8qhtUtKYyFR9NabIxOPJpsLYgBGBj1tBR
oTcEtn3j3PaIjXv7bfvGue0A1BxcVB5rY22EGxFrEHDUFW64ewOgehvz90PbvvHamLfftgOwsar4
dpRy1YUelTV0kNE1eotKdc/SeJMKAAAAUNsdHDW9XWVNMoO1NshoTR0RaAAAAMDGq7bBRddmZrBW
Ao6I/MINYQcAAABsfOozhmdDrbWAozLhBgAAAGy8GpoLNPkgoxUbrjzGRr4bIfQAAACADUflAUJr
G4Oj8v9rWke+GnwHR77jbQg3AAAAYOPQkOEr1tYTIA0KOKobVFS4AQAAAFRnTW+SyEe9A441fWZG
uAEAAAAbrprejlKfPKAh2UGjDTJaHeEGAAAAbByaOgNosoBDuAEAAAA0lia9gwMAAACgNk06yCgA
AABAY2jy18QCAAAArC8EHAAAAMB6wyMqAAAAQOp5RAUAAADYaAk4AAAAgPVKQ+7iEHAAAAAAqSfg
AAAAAFJPwAEAAACknoADAAAASD0BBwAAAJB6Ag4AAAAg9QQcAAAAQOoJOAAAAIDUq1fAkclkGqsf
AAAAAA1Wr4AjSZLG6gcAAABAg3lEBQAAAEg9AQcAAACQegIOAAAAIPUEHAAAAEDqCTgAAACA1BNw
AAAAAKkn4AAAAABST8ABAAAApJ6AAwAAAEg9AQcAAACwXkiSpMF1BRwAAABA6gk4AAAAgNQTcAAA
AACpJ+AAAAAAUk/AAQAAAKSegAMAAABIPQEHAAAAkHoCDgAAACD1BBwAAABA6gk4AAAAgNQTcAAA
AACpJ+AAAAAAUk/AAQAAAKSegAMAAABIPQEHAAAAkHoCDgAAACD1BBwAAABA6gk4AAAAgNQTcAAA
AACpJ+AAAAAAUk/AAQAAAKSegAMAAABIPQEHAAAAkHoCDgAAACD1mq/rDgBAfYwdOzbefffd7PSu
u+4a++233zrs0cbr/fffj3feeSc7vdNOO8WBBx64DnsEAGzMBBywnkmSJBYtWhTLly+PgoKC2GKL
LaJly5ZrvZ3S0tJYuHBhrFy5MjbZZJPYcssto3lz3xJY/40ePTrOO++87PSAAQNqDTiSJIl58+at
V+f4+tinhnjnnXfinHPOyU5fdNFFAg4AYJ3xiAo0wOLFi2PIkCFx3HHHxahRo9Z4ffPmzYv77rsv
+vbtGx06dIi2bdtGx44dY7vttotWrVrFd7/73bjyyivjzTffjCRJGtzOggULYvDgwXHsscdGu3bt
YptttomOHTtGu3btYquttorDDjssbrnllpg2bdoab1N9lJWVxcKFC2POnDmxcOHCKC0tbdL22XB9
/vnn8cMf/jDatWsXnTp1ihEjRqzrLq2XfQIA2BCk989G0MTKysri7bffjiFDhsTgwYNjwYIFERFx
9tlnN3idJSUlcc8998SgQYOy66vO2LFjY+zYsXH99dfHUUcdFTfddFPssssuebezatWquO++++LK
K6+MefPmVVtmyZIl8e9//zv+/e9/x4ABA2LAgAFx5ZVXxmabbVbv7arL119/Ha+88kr85z//iTff
fDPGjRsXy5cvzynTuXPn6NWrV+yzzz7Ru3fv2HPPPaNFixZrvS9s2G677bZ46623IiJi1qxZ0b9/
/5gyZUo0a7bu8v31sU8AABsCAQcbpKVLl8bMmTOz0y1atIgdd9yxQeuaPn16DB06NO699954//33
11YXY+nSpXHOOefEo48+Wq96Tz/9dLz55pvx7LPPxve+9706y69YsSL69+8fDz/8cN5tlJSUxO9+
97t48803Y8iQIdG2bdt69bEmEydOjHvvvTduv/32KoFGZdOmTYtp06bFv/71r4iI2HnnneOiiy6K
E088Mdq3b79W+sOGb/bs2TnT06ZNi6KiomjVqtU66lH9+7Q2v58BAGzIBBxskEaPHh0/+tGPstNH
HHFEPPPMM3nXX758eYwYMSIeeeSRePzxx9d6/0pLS+O8886rEm506dIlzj777PjWt74V7dq1i2XL
lsXUqVNj8ODBMXr06Gy5uXPnxrHHHhujR4+Ojh071thOkiRxwQUXVAk3dttttzjttNOiR48eseWW
W8aiRYtiypQp8eijj8brr7+eLffSSy/FeeedF4888sga/XV50aJFce2118bNN99c7fKtt946Onfu
HO3bt4/ly5fHrFmzYvr06TkhyJQpU+Liiy+Oa665Jv7yl79Ev379IpPJNLhPbByOPPLInPP/3HPP
XafhRkT9+7Sm388AADYWAg6oYOnSpXH99dfH3//+95gzZ06jtfPoo4/GQw89lDNv0KBBMWjQoNh0
002rlD/77LPjlltuicsuuyw7b+bMmfH73/8+/vrXv9bYTvnjNBVdf/318Ytf/KLads4999y44447
4qKLLsrOe/zxx6Nfv35xxBFH5L19Fb311ltxzjnnxIQJE7LzWrVqFeecc07sv//+0bt37+jQoUOV
emVlZTF58uQYN25cjBw5MgYPHhwlJSWxYMGCOO200+L555+PO+64I7bccssG9YuNQ/kdP+PGjYvt
t98+jjrqqHXdpfWyTwAAGwIBB1SwYMGC+N3vflftsu7du8fpp58ezz33XLz66qsNbqOoqCiuvfba
nHmDBg2K6667rsY6zZo1i0svvTTmz5+f07877rgjBg0aVG1AUFpaWmWdV199dVxxxRU1tlNQUBAX
XnhhfPbZZ3HLLbdk5999990NCjiGDRsWxx13XBQVFUXE6mDj17/+dZx22mmx3Xbb1Vq3WbNm0bVr
1+jatWuccMIJcfXVV8cDDzwQ11xzTZSUlMSjjz4aCxYsiMceeyzatGlT776x8dhvv/3Wu9fIro99
AgBIOyOaQS3atWsXl19+ebzxxhsxfvz4GDBgwBqP//Daa6/F5MmTs9NdunSpNXSo6PLLL4/NN988
Z175YIWVjR07NueuibZt28all16aVzv9+/fPmX7mmWdqHQS1Os8880wcffTR2XBj7733jnfeeScG
DBhQZ7hRnY4dO8ZVV10Vo0ePjt69e0dExL///e84+eSTY+XKlfVeHwAAkE5JkkRxcXHMmzcvvvji
i5g8eXJ88sknAg6orLCwME455ZQYOnRoTJ06NW644Yb44Q9/GM2br50bnl577bWc6ZNPPjlat26d
V90tt9wyTjzxxJx5FcOSij788MOc6eOOOy7vxzm6d+9eZWyPzz77LK+6EavDlb59+0ZJSUlERJx0
0kkxfPjw6NGjR97rqEmvXr3i2WefzYYcw4YNq/UxHQAAYMNQVlYWRUVFMWPGjPj444/j008/jU8/
/TQmTpwYn376aToeUUmSJD744IMYM2ZMTJo0KebNmxdlZWXRtm3b2HnnnWOPPfaIXr165T0I4jvv
[...]
3BcAANn0MhgtlUqFXjvxmU+J666/IT72sU9HRMQ/vPuf4/99+ovx9KcdFw960EExNbVHzM3OxS/v
+s+48MLL4mtf/3Z93wMPPCBe85o/3eWYRey994b48z97Wbz5LWdGRMTHPvbpuOKKq+OkE0+I/fff
N3bsmI6rrvppfOazX4odO6Y7HG1pFV37YjnOCwAsHYEDAHq02N0cjfGi3detlEqlePWr/jjud98D
433v/0hs2/aruOmmLfHhsz656H6PfOTD4y1vem1sOmD/ngfeJz7zKXH77XfEe993VkREXHrplXHp
pVfust0fvOBZ8f0fXBg33HBTT+fpZFDhoJ/jFLmrolQqjcS1AgD3EjgAoEu9TEOohY0ig+ZSqRTP
+r1nxJOOfXx845vfja985Ztx1Y+v2WXbcnk8jj76MXHSiSfEsU98XExM9P8/63/0kufHQx/64Djr
rH+Jiy6+fKf3Dnvog+PFLz4lnnL8MbH5wkt3uuYia4Us9v6gLVUwaAxW3S4oWvu5iRsAMBil2dlZ
/6sKAB1Uq9WYn5+PW2+9NW688ca4/fbb46CDDoq99torZmdnI2LXuzM6fd9J4/Zbt/4qbr3t9tjx
6+kol8dj/frd48D7HBBrJyc7Hrc2gC46TabmlltuizvvvCsiIvbZZ6/YtGljlEqlqFQqcdzxz47t
238dERFf+uLHY9MB+3f12bq5jnaWYuHOXo61WNxo/HpsbCxuvvnmmJ2djT322CMOOeSQ2GOPPWLN
mjU9/TwAYLVzBwcAdKndgHWxkFB7v5uBa+OxN2yYig0bpjpu1+6OgnbX127fiIhNmzbWH13bOB3n
1tvuqMeN2rX1a7HraLfdYq8N6lr63W+xuzoAgMHyFBUA6FG76QWLPRK2+bVWfxY7V6f9+nkqx513
3hVf/NI3Ol7TN77+nfrXv/P0J8e6tWu7PtdiivxsBvHUkm5+/kX2XezaOl2n+AEA/XMHBwAskeZB
7GJ3ehTZblDHj4jYsWM63vTmM2PzhZfG7bffES94/rNi7drJXY53/vkXxPs/+JH6ayeddEKha+tG
5sF+N3eYeEQsAAyWwAEAXRj0+g5F4kW3U1t62W/Hjum485f3rrfx/g98NL76tX+LE5/x1HjQIQ+I
tWsn484774rvfe+C+OrX/q2+zynPPTke99hHdn1d7a512AY59WSQBA4AGAyBAwB6sNIGpfvuu3f8
47vfGn93+v+OzRdeGj//+Q3xnvd9uO32pzz35HjNq/84Ikb3Z9HPdS31Z3InBwD0T+AAgD61mhrS
btHMpX46RrvHk7ayadPGeM8/nh7nn39BfPkr34rvnf/DmJ9fqL9fLo/HU59ybJx44lPj8Y971NCu
uVfLEQhECQAYHQIHAAxY89SQxu87PWllsWP2st9ix2p1vHJ5PI477ug47rijY2ZmJrZsuS2mZ+6J
Paf2iL333hC77bau7/MPynI/PaWXhUObf/bu3ACAwRE4AKAHRZ640epxrM2ho/G1oudt1G/wWOx4
a9eujYMPPqiv4w/aoNdAGfS+vT7GVuQAgP4JHADQpVaPBG3WbppKkX/V7+VaBjX1ZdDHG4TlvlOj
232LRo7GR/sCAP0TOACgC70OSpfiiSnN+okU/Qy6+7kjZdCW+o6Pbu/gEDcAYHAEDgDowTDXTug1
cgzrOL2cN6J96FiqQf2gzjPM6xU4AGBwBA4A6FLzFJVhnyNitKaMFJV58L4U126KCgAMlsABAEtk
JUQLhkPkAID+CRwA0INBDEiXYgpJt9e5EqLLcsSCfs8pcABA/wQOAOjSSh6MZr3LZDkeHzuoyLWS
/3sCgKUkcABAl5Zz4c6lvoalPm+mp6o0PwoYAFheAgcAdKl5UNv4fS0ADDsMjErwWM26ffxrq9+Z
nycADI7AAQBdaHzyxWKD2Obg0G69jUE+ErYmy7SSzNqFiSJhAwAYDoEDAJZZkQFwN9FC7BgOoQIA
RpvAAQA9qt3FUWTqQa/TEdpNeSm6r0H5vQb1c+hnAdLFpjb5PQFA/wQOABiwVtNOep2K0m7KSzf7
trNS7+4YdCzo5ni9TFFpnPYEAPRO4ACALq2UR3tmfSRsK8vxmNhs5wKAlU7gAIAl0mowWzQqLEWM
GNXgMcqPju332kblZwwAK4HAAQAJLXXwWMqB+CgHjWEdx50cANA/gQMAltGgHxM7rBAx7NixVAP8
UYsbAMDgCBwAsMwGeTfGckxlWS1W6+cGgCwEDgAoqJ9HtrI8Rv13NerXBwCZCBwA0INhDkwHOd2k
8ViDmg4z6pbzMbG9Hl/oAID+CRwA0KOlXAyz3zBRO1a7a84ePrJFjeU6FwCsZAIHAHSh9q/tK21Q
2s8jbJfDSvn5r5TPAQCjQOAAAFpaqY+JBQBWJoEDAHo0ync4DNpKeUxsEaN0LQBAcQIHAPRo1NZp
WKrgkjkAjOq1j+p1AUAmAgcArBDNg+TVdIdJOxnCgd8TAAzG2HJfAABkk2WR0QzXOEyr/fMDwGoj
cABAj7KEDgCA1cAUFQDoQZawke3xr/3I8jupWamPHAaA5SJwAEAPSqVS21DQatCacRDb6vMNO46s
1p9bxs8JAKNG4ACAHtUGpY2D03YD1ZUygK1Wq0v6mNiV9HOL2Dl0rNQ7aQBguQgcANCFxmkFtT9z
c3P191ajVgP1xgF9kSiyWn52jT+HNWvWrJrPDQBLQeAAgC40Tk1ZWFiI2dnZWFhYWOarIqPZ2dmo
VCpRqVRibGzMHR0A0CeBAwC6MDY2FuPj41EqlWJmZibK5XLh6RX+tX7la44UnaLFwsJCjI2NRblc
XnRdFwCgM4EDAAqoDT7L5XJMTExEuVyO6enpmJ+fj/Hx8Z22bRUyxI3Vo+gio/Pz8zE/Px9r166N
ycnJGBsbW4rLA4AVS+AAgC6Uy+VYt25drFmzJrZu3Rpzc3Oxbdu2+vuNT1Bp9zcrT+M6I41/t/q6
Zs8994zdd989pqamYrfddqvfGQQA9EbgAIAuTE5Oxp577hkbN26MycnJmJmZqQ9KG0NG45/m91i5
2kWN2teNAWPvvfeO9evXxz777BNTU1P1aSoAQG8EDgAoqFQq1QNHuVyOvfbaK+bn5+Puu++ub9Mq
cjS/zsrVHDUaX2uOF1NTUzE5ORm77757rFu3LiYmJgQOAOhDaXZ21v/TAoACak+8qK2dMDc3FwsL
C7s8JrYxYhQJHKJHTu0WFG18vVXsqFmzZk2Uy+X6n/Hx8frTVIQOAOieOzgAoKBSqbTTEy/Gxsai
Wq3GxMTELtt6gsrq1ipyNGuMGo1hQ9wAgN4IHADQhVrYaAwc5fKu/3MqaNCo3ZNVmsOGuAEAvRM4
AKCg5mkGHutJvwQNABgcgQMAemRwCgAwOvzTEwAAAJCewAEAAACkJ3AAAAAA6QkcAAAAQHoCBwAA
AJCewAEAAACkJ3AAAAAA6QkcAAAAQHoCBwAAAJCewAEAAACkJ3AAAAAA6QkcAAAAQHoCBwAAAJCe
wAEAAACkJ3AAAAAA6QkcAAAAQHoCBwAAAJCewAEAAACkJ3AAAAAA6QkcAAAAQHoCBwAAAJCewAEA
AACkJ3AAAAAA6QkcAAAAQHoCBwAAAJCewAEAAACkJ3AAAAAA6QkcAAAAQHoCBwAAAJCewAEAAACk
J3AAAAAA6QkcAAAAQHoCBwAAAJCewAEAAACkJ3AAAAAA6QkcAAAAQHoCBwAAAJCewAEAAACkJ3AA
AAAA6QkcAAAAQHoCBwAAAJCewAEAAACkJ3AAAAAA6QkcAAAAQHoCBwAAAJCewAEAAACkJ3AAAAAA
6QkcAAAAQHoCBwAAAJCewAEAAACkJ3AAAAAA6QkcAAAAQHoCBwAAAJCewAEAAACkJ3AAAAAA6Qkc
AAAAQHoCBwAAAJCewAEAAACkJ3AAAAAA6QkcAAAAQHoCBwAAAJCewAEAAACkJ3AAAAAA6QkcAAAA
QHoCBwAAAJCewAEAAACkJ3AAAAAA6QkcAAAAQHoCBwAAAJCewAEAAACkJ3AAAAAA6QkcAAAAQHoC
BwAAAJCewAEAAACkJ3AAAAAA6QkcAAAAQHoCBwAAAJCewAEAAACkJ3AAAAAA6QkcAAAAQHoCBwAA
AJCewAEAAACkJ3AAAAAA6QkcAAAAQHoCBwAAAJCewAEAAACkJ3AAAAAA6QkcAAAAQHoCBwAAAJCe
wAEAAACkJ3AAAAAA6QkcAAAAQHoCBwAAAJCewAEAAACkJ3AAAAAA6QkcAAAAQHoCBwAAAJCewAEA
AACkJ3AAAAAA6QkcAAAAQHoCBwAAAJCewAEAAACkJ3AAAAAA6QkcAAAAQHoCBwAAAJCewAEAAACk
J3AAAAAA6QkcAAAAQHoCBwAAAJCewAEAAACkJ3AAAAAA6QkcAAAAQHoCBwAAAJCewAEAAACkJ3AA
AAAA6QkcAAAAQHoCBwAAAJCewAEAAACkJ3AAAAAA6QkcAAAAQHoCBwAAAJCewAEAAACkJ3AAAAAA
6QkcAAAAQHoCBwAAAJCewAEAAACkJ3AAAAAA6QkcAAAAQHoCBwAAAJCewAEAAACkJ3AAAAAA6Qkc
AAAAQHoCBwAAAJCewAEAAACkJ3AAAAAA6QkcAAAAQHoCBwAAAJCewAEAAACkJ3AAAAAA6QkcAAAA
QHoCBwAAAJCewAEAAACkJ3AAAAAA6QkcAAAAQHoCBwAAAJCewAEAAACkJ3AAAAAA6QkcAAAAQHoC
BwAAAJCewAEAAACkJ3AAAAAA6QkcAAAAQHoCBwAAAJCewAEAAACkJ3AAAAAA6QkcAAAAQHoCBwAA
AJCewAEAAACkJ3AAAAAA6QkcAAAAQHoCBwAAAJCewAEAAACkJ3AAAAAA6QkcAAAAQHoCBwAAAJCe
wAEAAACkJ3AAAAAA6QkcAAAAQHoCBwAAAJCewAEAAACkJ3AAAAAA6QkcAAAAQHoCBwAAAJCewAEA
AACkJ3AAAAAA6QkcAAAAQHoCBwAAAJCewAEAAACkJ3AAAAAA6QkcAAAAQHoCBwAAAJCewAEAAACk
J3AAAAAA6QkcAAAAQHoCBwAAAJCewAEAAACkJ3AAAAAA6QkcAAAAQHoCBwAAAJCewAEAAACkJ3AA
AAAA6QkcAAAAQHoCBwAAAJCewAEAAACkJ3AAAAAA6QkcAAAAQHoCBwAAAJCewAEAAACkJ3AAAAAA
6QkcAAAAQHoCBwAAAJCewAEAAACkJ3AAAAAA6QkcAAAAQHoCBwAAAJCewAEAAACkJ3AAAAAA6Qkc
AAAAQHoCBwAAAJCewAEAAACkJ3AAAAAA6QkcAAAAQHoCBwAAAJCewAEAAACkJ3AAAAAA6QkcAAAA
QHoCBwAAAJCewAEAAACkJ3AAAAAA6QkcAAAAQHoCBwAAAJCewAEAAACkJ3AAAAAA6QkcAAAAQHoC
BwAAAJCewAEAAACkJ3AAAAAA6QkcAAAAQHoCBwAAAJCewAEAAACkJ3AAAAAA6QkcAAAAQHoCBwAA
AJCewAEAAACkJ3AAAAAA6QkcAAAAQHoCBwAAAJCewAEAAACkJ3AAAAAA6QkcAAAAQHoCBwAAAJCe
wAEAAACkJ3AAAAAA6QkcAAAAQHoCBwAAAJCewAEAAACkJ3AAAAAA6QkcAAAAQHoCBwAAAJCewAEA
AACkJ3AAAAAA6QkcAAAAQHoCBwAAAJCewAEAAACkJ3AAAAAA6QkcAAAAQHoCBwAAAJCewAEAAACk
J3AAAAAA6QkcAAAAQHoCBwAAAJCewAEAAACkJ3AAAAAA6QkcAAAAQHoCBwAAAJCewAEAAACkJ3AA
AAAA6QkcAAAAQHoCBwAAAJCewAEAAACkJ3AAAAAA6QkcAAAAQHoCBwAAAJCewAEAAACkJ3AAAAAA
6QkcAAAAQHoCBwAAAJCewAEAAACkJ3AAAAAA6QkcAAAAQHoCBwAAAJCewAEAAACkJ3AAAAAA6Qkc
AAAAQHoCBwAAAJCewAEAAACkJ3AAAAAA6QkcAAAAQHoCBwAAAJCewAEAAACkJ3AAAAAA6QkcAAAA
QHoCBwAAAJCewAEAAACkJ3AAAAAA6QkcAAAAQHoCBwAAAJCewAEAAACkJ3AAAAAA6QkcAAAAQHoC
BwAAAJCewAEAAACkJ3AAAAAA6QkcAAD8//buLjbO+l7w+G9mPE7ANrEdJyHETgJ1eEuCCi0KLCld
+gLtaRfOslu1IrRClVqJVqq0R2iPKvUCIVVib3rBTdVTqarQoaLpdgMkLZzl9I0kHFqdNpRCGkM2
iQmpY+K3ODjGjsezF2yiZmfSJoVk8nM+H8kX84znef6+yOSZ7zzP/w8A6QkcAAAAQHoCBwAAAJCe
wAEAAACkJ3AAAAAA6QkcAAAAQHoCBwAAAJCewAEAAACkJ3AAAAAA6QkcAAAAQHoCBwAAAJCewAEA
AACkJ3AAAAAA6QkcAAAAQHoCBwAAAJCewAEAAACkJ3AAAAAA6QkcAAAAQHoCBwAAAJCewAEAAACk
J3AAAAAA6QkcAAAAQHoCBwAAAJCewAEAAACkJ3AAAAAA6QkcAAAAQHoCBwAAAJCewAEAAACkJ3AA
AAAA6QkcAAAAQHoCBwAAAJCewAEAAACkJ3AAAAAA6QkcAAAAQHoCBwAAAJCewAEAAACkJ3AAAAAA
6QkcAAAAQHoCBwAAAJCewAEAAACkJ3AAAAAA6QkcAAAAQHoCBwAAAJCewAEAAACkJ3AAAAAA6Qkc
AAAAQHoCBwAAAJCewAEAAACkJ3AAAAAA6QkcAAAAQHoCBwAAAJCewAEAAACkJ3AAAAAA6QkcAAAA
QHoCBwAAAJCewAEAAACkJ3AAAAAA6QkcAAAAQHoCBwAAAJCewAEAAACkJ3AAAAAA6QkcAAAAQHoC
BwAAAJCewAEAAACkJ3AAAAAA6QkcAAAAQHoCBwAAAJCewAEAAACkJ3AAAAAA6QkcAAAAQHoCBwAA
AJCewAEAAACkJ3AAAAAA6QkcAAAAQHoCBwAAAJCewAEAAACkJ3AAAAAA6QkcAAAAQHoCBwAAAJCe
wAEAAACkJ3AAAAAA6QkcAAAAQHoCBwAAAJCewAEAAACkJ3AAAAAA6QkcAAAAQHoCBwAAAJCewAEA
AACkJ3AAAAAA6QkcAAAAQHoCBwAAAJCewAEAAACkJ3AAAAAA6QkcAAAAQHoCBwAAAJCewAEAAACk
J3AAAAAA6QkcAAAAQHoCBwAAAJCewAEAAACkJ3AAAAAA6QkcAAAAQHoCBwAAAJCewAEAAACkJ3AA
AAAA6QkcAAAAQHoCBwAAAJCewAEAAACkJ3AAAAAA6QkcAAAAQHoCBwAAAJCewAEAAACkJ3AAAAAA
6QkcAAAAQHoCBwAAAJCewAEAAACkJ3AAAAAA6QkcAAAAQHoCBwAAAJCewAEAAACkJ3AAAAAA6Qkc
AAAAQHoCBwAAAJCewAEAAACkJ3AAAAAA6QkcAAAAQHoCBwAAAJCewAEAAACkJ3AAAAAA6QkcAAAA
QHoCBwAAAJCewAEAAACkJ3AAAAAA6QkcAAAAQHoCBwAAAJCewAEAAACkJ3AAAAAA6QkcAAAAQHoC
BwAAAJCewAEAAACkJ3AAAAAA6QkcAAAAQHoCBwAAAJCewAEAAACkJ3AAAAAA6QkcAAAAQHoCBwAA
AJCewAEAAACkJ3AAAAAA6QkcAAAAQHoCBwAAAJCewAEAAACkJ3AAAAAA6QkcAAAAQHoCBwAAAJCe
wAEAAACkJ3AAAAAA6QkcAAAAQHoCBwAAAJCewAEAAACkJ3AAAAAA6QkcAAAAQHoCBwAAAJCewAEA
AACkJ3AAAAAA6QkcAAAAQHoCBwAAAJCewAEAAACkJ3AAAAAA6QkcAAAAQHoCBwAAAJCewAEAAACk
J3AAAAAA6QkcAAAAQHoCBwAAAJCewAEAAACkJ3AAAAAA6QkcAAAAQHoCBwAAAJCewAEAAACkJ3AA
AAAA6QkcAAAAQHoCBwAAAJCewAEAAACkJ3AAAAAA6QkcAAAAQHoCBwAAAJCewAEAAACkJ3AAAAAA
6QkcAAAAQHoCBwAAAJCewAEAAACkJ3AAAAAA6QkcAAAAQHoCBwAAAJCewAEAAACkJ3AAAAAA6Qkc
AAAAQHoCBwAAAJCewAEAAACkJ3AAAAAA6QkcAAAAQHoCBwAAAJCewAEAAACkJ3AAAAAA6QkcAAAA
QHoCBwAAAJCewAEAAACkJ3AAAAAA6QkcAAAAQHoCBwAAAJCewAEAAACkJ3AAAAAA6QkcAAAAQHoC
BwAAAJCewAEAAACkJ3AAAAAA6QkcAAAAQHoCBwAAAJCewAEAAACkJ3AAAAAA6QkcAAAAQHoCBwAA
AJCewAEAAACkJ3AAAAAA6QkcAAAAQHoCBwAAAJCewAEAAACkJ3AAAAAA6QkcAAAAQHoCBwAAAJCe
wAEAAACkJ3AAAAAA6QkcAAAAQHoCBwAAAJCewAEAAACkJ3AAAAAA6QkcAAAAQHoCBwAAAJCewAEA
AACkJ3AAAAAA6QkcAAAAQHoCBwAAAJCewAEAAACkJ3AAAAAA6QkcAAAAQHoCBwAAAJCewAEAAACk
J3AAAAAA6QkcAAAAQHoCBwAAAJCewAEAAACkJ3AAAAAA6QkcAAAAQHoCBwAAAJCewAEAAACkJ3AA
AAAA6QkcAAAAQHoCBwAAAJCewAEAAACkJ3AAAAAA6QkcAAAAQHoCBwAAAJCewAEAAACkJ3AAAAAA
6QkcAAAAQHoCBwAAAJCewAEAAACkJ3AAAAAA6QkcAAAAQHoCBwAAAJCewAEAAACkJ3AAAAAA6Qkc
AAAAQHoCBwAAAJCewAEAAACkJ3AAAAAA6QkcAAAAQHoCBwAAAJCewAEAAACkJ3AAAAAA6QkcAAAA
QHoCBwAAAJCewAEAAACkJ3AAAAAA6QkcAAAAQHoCBwAAAJCewAEAAACkJ3AAAAAA6QkcAAAAQHoC
BwAAAJCewAEAAACkJ3AAAAAA6QkcAAAAQHoCBwAAAJCewAEAAACkJ3AAAAAA6QkcAAAAQHoCBwAA
AJCewAEAAACkJ3AAAAAA6QkcAAAAQHoCBwAAAJCewAEAAACkJ3AAAAAA6QkcAAAAQHoCBwAAAJCe
wAEAAACkJ3AAAAAA6QkcAAAAQHoCBwAAAJCewAEAAACkJ3AAAAAA6QkcAAAAQHoCBwAAAJCewAEA
AACkJ3AAAAAA6QkcAAAAQHoCBwAAAJCewAEAAACkJ3AAAAAA6QkcAAAAQHoCBwAAAJCewAEAAACk
J3AAAAAA6QkcAAAAQHoCBwAAAJCewAEAAACkJ3AAAAAA6QkcAAAAQHoCBwAAAJCewAEAAACkJ3AA
AAAA6QkcAAAAQHoCBwAAAJCewAEAAACkJ3AAAAAA6QkcAAAAQHoCBwAAAJCewAEAAACkJ3AAAAAA
6QkcAAAAQHoCBwAAAJCewAEAAACkJ3AAAAAA6QkcAAAAQHoCBwAAAJCewAEAAACkJ3AAAAAA6Qkc
AAAAQHoCBwAAAJCewAEAAACkJ3AAAAAA6QkcAAAAQHoCBwAAAJCewAEAAACkJ3AAAAAA6QkcAAAA
QHoCBwAAAJCewAEAAACkJ3AAAAAA6QkcAAAAQHoCBwAAAJCewAEAAACkJ3AAAAAA6QkcAAAAQHoC
BwAAAJCewAEAAACkJ3AAAAAA6QkcAAAAQHoCBwAAAJCewAEAAACkJ3AAAAAA6QkcAAAAQHoCBwAA
AJCewAEAAACkJ3AAAAAA6QkcAAAAQHoCBwAAAJCewAEAAACkJ3AAAAAA6QkcAAAAQHoCBwAAAJCe
wAEAAACkJ3AAAAAA6QkcAAAAQHoCBwAAAJCewAEAAACkJ3AAAAAA6QkcAAAAQHoCBwAAAJCewAEA
AACkJ3AAAAAA6QkcAAAAQHoCBwAAAJCewAEAAACkJ3AAAAAA6QkcAAAAQHoCBwAAAJCewAEAAACk
J3AAAAAA6QkcAAAAQHoCBwAAAJCewAEAAACkJ3AAAAAA6QkcAAAAQHoCBwAAAJCewAEAAACkJ3AA
AAAA6QkcAAAAQHoCBwAAAJCewAEAAACkJ3AAAAAA6QkcAAAAQHoCBwAAAJCewAEAAACkJ3AAAAAA
6QkcAAAAQHoCBwAAAJCewAEAAACkJ3AAAAAA6QkcAAAAQHoCBwAAAJCewAEAAACkJ3AAAAAA6Qkc
AAAAQHoCBwAAAJCewAEAAACkJ3AAAAAA6QkcAAAAQHoCBwAAAJCewAEAAACkJ3AAAAAA6QkcAAAA
QHoCBwAAAJCewAEAAACkJ3AAAAAA6QkcAAAAQHoCBwAAAJCewAEAAACkJ3AAAAAA6QkcAAAAQHoC
BwAAAJCewAEAAACkJ3AAAAAA6QkcAAAAQHoCBwAAAJCewAEAAACkJ3AAAAAA6QkcAAAAQHoCBwAA
AJCewAEAAACkJ3AAAAAA6QkcAAAAQHoCBwAAAJCewAEAAACkJ3AAAAAA6RUKhWK10YMAAAAAeDdc
wQEAAACkJ3AAAAAA6QkcAAAAalwBuAAAEfFJREFUQHoCBwAAAJCewAEAAACkJ3AAAAAA6QkcAAAA
QHoCBwAAAJCewAEAAACkJ3AAAAAA6QkcAAAAQHoCBwAAAJCewAEAAACkJ3AAAAAA6QkcAAAAQHoC
BwAAAJCewAEAAACkJ3AAAAAA6QkcAAAAQHoCBwAAAJCewAEAAACkJ3AAAAAA6QkcAAAAQHoCBwAA
AJCewAEAAACkJ3AAAAAA6QkcAAAAQHoCBwAAAJCewAEAAACkJ3AAAAAA6QkcAAAAQHoCBwAAAJCe
wAEAAACkJ3AAAAAA6QkcAAAAQHoCBwAAAJCewAEAAACkJ3AAAAAA6QkcAAAAQHoCBwAAAJCewAEA
AACkJ3AAAAAA6TU1egAAQB6FQiHa2tpi4cKF0draGi0tLTFv3rx3tc/p6emYmJiIiYmJGBoaivHx
8ahWq+/RiAGAC4XAAedAS0tLdHV1RblcjrGxsRgeHj7jk/f29vbo6uqKiIjh4eEYHR0943F0dXVF
e3t7VCqVGBoaiiNHjpzxPoALU1NTU6xcuTKWL++Jnp53fjo6OqO9vT1aWlre1b4nJibi8OHDMTY2
Gvv374/9+/fH66/vjz179sTMzMx79BcAvDdKpVJ0dXVFW1vbiXOqt956S5iF80ChUCj6lwhnUUdH
R6xff0usXr06mpubY2RkJJ555l9i9+7dp72PpUuXxh133B49PT1RKBRiYGAgfvrTp+PAgQOnvY8V
K1bEpz/9qVi4cGHMzMzErl274rnntsbQ0NDf8mcBF5De3t647rq1sWbNmlixYuW7Dhp/zdGjR6O/
vz9eeeXl+MMfXo6+vr6zejyA09Xc3BzXXHNNfOhD66OzszMqlUrs2bMntmz5iS+O4DzgCg44y66/
/v1xxx2fOHH1RUREa2trPPzw/zjtfdx++8fjtts+cuIy8CuvvCoKhUL80z9997T38ZnP/Nf44Adv
PPG4p2d5TE5OxtNPP3Pa+wAuLPPnz4+bb74p1q9fH729q971rSin6+KLL45rrrkment7Y/XqNfH8
89tj27btMTk5eU6OD1BPuVyONWvWxJ133hmrVq2KUqkUERHve19v9Pe/Hr/5zW9cdQYNJnDAWXbZ
ZZdFZ2fnSdvWrFl7Rvu48sqrorm5+cTjUqkU11xz7Rnt4/3vv/6kxwsWLIjly5ef0T6AC0dra2t8
7GMfjY985KPR1dUVxeK5n5e8XC7HVVddFUuWLIlFixbF5s1bfEMKNESpVIprr7027rrrrujt7T0R
NyLeibK9ve+LHTt2CBzQYAIHnGWlUqnmg0FT05n90yuVSlEoFE48LhQKJ/3Hejr+/2MWi8WGfGAB
zn/z58+PT3zijvj4x2+PSy655KT3n3OtWCxGR0dHfPSjH4tCoRCbNj0RR48ebdh4gAtPqVSKq6++
OjZs2BDd3d11z5+mpqbMwQHnAYEDADjJzTffFLfe+uG/GDdmZmbi4MGD8frr/TEwMBDDw8MRETE2
djjGxsaiUqnUfd3xyflaW9+Zx6OjoyOWLVsW3d09cemll550tdpxhUIhLr744rjllvUxPDwczzzz
L+/RXwrwlxUKhejt7Y377rsvli1bVjdujIyMxG9/+7uYmppqwAiBPydwAAAn9Pb2xvr166Orq6tu
3KhUKrFz5yvx9NPPxN69e+PYsWMxMzNzImjMzs6eMm4c19/ff+JDQqlUiqampmhqaoqenp745Cc/
EWvXXhflcvmk1xQKhWhvb4+bb/4P0d//evzxj398j/5igFO7/PLL4/7774/FixefMm48/vjj0d/f
7woOOA8IHABARLxzK9t1162N3t5VdU/kJyYm4rHH/jm2b38+jh07FrOzs3/TcSqVyokIcuzYsRPb
Dx8+HH19fXHTTTfFPffcE+3t7Se9rlgsxsqVK+OGG66P3bt3n/RagPdaT09PPPDAA9HR0VE3+I6O
jsbGjT+MF154wfsRnCfcgA8ARETEypUrY82aNXVXS5mYmIiHHnoofv7zX8TU1NTfHDf+kmq1GtPT
0/Hcc8/FN7/5zZiYmKj5nXnz5sXVV18Tq1ates+PD3BcT09PPPjgg9HZ2Vk3boyNjcWPfrQxtm7d
FtPT0w0YIVCPwAEARKFQiOXLe2LFipU1z1UqlXjssX+O/v7+czae/fv3x/e+9726t7t0d3fH5Zev
bOjkp8DcVCgU4oorroivf/3r0dLSUvP87OxsDA8Px49//D/juee2/tVb8oBzS+AAAKKtrS16enrq
ntDv3PlKbN/+/Dkf0/bt2+Oll35fs/2iiy6K7u7uWLBgwTkfEzB3FYvFuPLKK+NrX/tadHR01Dw/
OzsbIyMjsXnzU/GLX/zSkrBwHhI4AIDo6uqKFStW1Gw/duxY/OQnP23YJdhPPvlU3XvbL7tsWVx6
6aUNGBEwF5XL5Vi9enV8+ctfjsWLF9dcITY7OxsHDx6MJ57YFP/6rz8TN+A8JXAAANHS0hILFrTX
bB8cHGzo6gD79u2LgYGBmu0LFiyItra2BowImGvK5XJce+218dnPfjaWLl1aM8ny7OxsDA0NxdNP
/zR++ctfiRtwHhM4AIBoaWmpWbUkIuL11/sbujrA7Oxs7Nu3t2Z7W1tbtLbW3k4DcCaam5tj7dq1
cffdd8cVV1xRN26MjIzEM8887bYUSMAysQBAzJs3r+78GwMDAw09oa9UKnHgwIGa7S0tLTF//vwG
jAiYK5qbm2PNmjVx5513Rm9vb93lsUdHR2PLls1uS4EkBA4A4JSGh4cbukpAtVqNQ4eGGnZ8YG76
87ixatWqKJVKNb8zNjYWTzyxyZUbkIjAAQAAXDDK5fJfjRujo6Pxox9tjOee2ypuQCICBwBwShMT
R2N2drahY2jUCi7A3FMqleLaa6+Nu+66K3p7e+vGjZGRkdi48Yexdeu2hl7BBpw5gQMAOKVG36Jy
fGlGgHerVCrF1VdfHRs2bIju7u66c24MDQ3Fo48+Gjt27BA3ICGBAwA4pUauoHLc1NRUo4cAJFco
FKK3tzfuu+++WLZsWd24MTIyEo8++mi8+OKL58V7H3DmBA4AAGBOu/zyy+P++++PxYsXnzJuPP74
4/Hiiy+6LQ4SEzgAAIA5q6enJx544IHo6OiIQqFQ8/zo6Ghs3PjDeOGFF8QNSK42XwIAAMwRxWIx
5s2bVzduRLyzHPX09DFzbsAcIHAAAABzVn9/fzz88MMxOjoa1Wq15vnOzs7YsGFD3HjjjXVXVQHy
EDgAAIA5bffu3fHII4/EoUOH6i59vXDhwrj33ntjzZo10dTkLn7ISuAAAE6pXC43eggxb968Rg8B
SK5arcarr74a3/nOd+KNN96oGzm6urriS1/6Utxwww3nxXsfcOYEDgDglDo7Oxt6yXaxWIxLL720
YccH5o5KpRK7du2KjRs3Rn9//ykjxxe+8IX4wAc+4HYVSEjgAABOqbW1pe6SiudSc3NzQ48PzB2V
SiVeeuml2LRpU+zdu/eUkePzn/98rFu3TuSAZAQOAADggjE9PR0vvvhiPPnkk7Fnz56/OCfHLbfc
InJAIgIHAHBKHR0dDT25LxQK0dnZ0bDjA3PT8cixefPmU0aOzs7O+MxnPhO33vohE49CEgIHABDT
09MxMTFRs33ZsmUNPbEvlUrR09NTs31ycjKmpqYaMCJgrpieno4dO3bEU089dcrbVRYuXBh///f/
OT784VtdyQEJCBwAQExMTMThw4drtnd39zQ0cBSLxVi+fEXN9vHx8XjrrdogA3Am/vx2lXoTjxaL
xVi0aFF8+tP/KT70ofUiB5znBA4AIN56660YGxut2b506dJYuXJlFAqFBowqYuXKldHd3V2zfWxs
LMbHxxswImCuOX4lxw9+8IMYGBioGzmWLFkSd955V9x22390uwqcxwQOACCGh4dj//79NdvL5XLc
fvvHo1wuN2BUEX/3d5+se+yDBwdicHCwASMC5qJjx47Fzp074/vf/34MDQ1FtVo96fnjS1Z/6lOf
jg9/+FaRA85TAgcAEOPj47F///44evRozXNr114XN9100zkf07p16+L977++Zvvk5GS88cYbMTY2
ds7HBMxdlUoldu7cGd/+9rfrvr/8+ZUcbleB85PAAQBEtVqN11/fH/39/TXPlcvluOeee+pO9nm2
LFu2LO67775obm6uee7AgQOxd+++mm9YAd6tSqUSu3btim9961t1J14+PifH3Xf/F0vIwnlI4AAA
IiJiz5498corL8exY8dqnmtvb48HH3wwbrnllrM+jnXr1sU3vvGN6OioXR52ZmYmXn21L/r6+s76
OIALU7Vajddeey0eeuihvxg5Pve5z8W6detEDjiPCBwAQES8Ew/+8IeXY/fu3XWXS2xpaYmvfOUr
8Y//+N9j9erVMX/+/Ghubo5SqRTFYvHEz19TKBRO/G6pVIrm5uaYP39+rFq1Kv7hH/5bfPWrX60b
N6rVavT398fvfrejboQBeC/19/fHww8/HKOjo3WvGOvs7IwNGzbEjTfeKHLAecLsOADACX19ffH8
89tjyZIl0dHRUbN6SqlUiuuvvyHWrr0u/vSnP8W+fXvjwIEDcejQUES8sxrB4OBgvP3223X3XyqV
YtGiRdHW1hYREZ2dHdHT0xPLl6+Iyy67LObNm1f3ddVqNcbHx+OFF/4tXn755ffwLwY4td27d8cj
jzwS999/f3R1ddVE3IULF8a9994bg4ODsW+fW+eg0QQOaJBSqRSVSuVvfn2hUHjX+zj+DWq9b2qB
C9e2bdtj0aJFcdttH4nW1ta6S8Q2NTXF8uXLY/ny5Wd9PNVqNd5+++349a9fiJ/97Odn/XgAx1Wr
1Xj11Vfju9/9bnzxi1+MJUuW1ESOrq6uuPHGD8bAwMAp4y5wbrhFBc6y2dnZmoAwMzMTLS0tp72P
SqVy0jcC1Wo1qtVqzJ8//7T3MTMzUzOuYrFYdwI/4MI2OTkZmzdviWef/d8xOjra0Ah6/MqNrVuf
ix//+H/VXeUF4Gw6vrrKY489Fv39/XXfEy+66KK6MRg4twQOOMsOHjxYs9TYq6/2xfj4+GnvY+/e
PTE9PX3icaVSib6+XXUnvjqVP/5x50mPjxw5Evv27fNNA1DXkSNH4qmnNsdTTz0Zr732WkxNTZ3z
MczMzMSePXtiy5bN8fjjP4zDhw+f8zEARLxz7vXSSy/Fpk2bYu/evSdFjsnJydizZ2/Nl0nAuVcq
FAoPNnoQMJeNj49HtfrOf4JjY4dj7949sWnTEzE0NHTa+zh0aCjmz58X09PTMTo6Gn19u2LLlp+c
0cn+wMBAtLa2xNGjk/Hmm2/Gb3/777F167YziiTAhWVmZiZ27/4/MTg4GEePTkSxWIyLL744yuXy
WT3u5ORk9Pf3x29+8+t49tlnY9u2bSYVBRquUqnEoUOHYnR0NMrlphPnVL///Yvxq1/9yhVmcB4o
FApFM+HAWdbW1hZLliyJ5ubmGBkZicHBwTOehKqzszMWL14cxWIx3nzzzTMKJMctXrw4urq6YmZm
Jg4ePHhGV5EAF7ZyuRyrVq2Kyy9fGd3d3bF06WXR3t4ebW1tZ3TLXT2Tk5MxPj4ehw8fjoGBP8Ub
b7wRe/fui76+PmEDOO80NTXF4sWLo729PWZmZmJwcPD/faHlYxU0msABAJy2QqEQCxYsiCVLlsQl
l1wSra0tZzQfUD1TU1Px1lsTceTIkRO39fmgAACcKYEDAAAASM8kowAAAEB6AgcAAACQnsABAAAA
pCdwAAAAAOkJHAAAAEB6AgcAAACQnsABAAAApCdwAAAAAOkJHAAAAEB6AgcAAACQnsABAAAApCdw
AAAAAOkJHAAAAEB6AgcAAACQnsABAAAApCdwAAAAAOkJHAAAAEB6AgcAAACQnsABAAAApCdwAAAA
AOkJHAAAAEB6AgcAAACQnsABAAAApCdwAAAAAOkJHAAAAEB6AgcAAACQnsABAAAApCdwAAAAAOkJ
HAAAAEB6AgcAAACQnsABAAAApCdwAAAAAOkJHAAAAEB6AgcAAACQnsABAAAApCdwAAAAAOkJHAAA
AEB6AgcAAACQnsABAAAApCdwAAAAAOkJHAAAAEB6AgcAAACQnsABAAAApCdwAAAAAOkJHAAAAEB6
/xcR/SZDOPkwRgAAAABJRU5ErkJggg==
" width="800px"&gt;</msg>
<doc>Takes a screenshot of the current page and embeds it into the log.</doc>
<status status="PASS" start="2025-01-26T11:14:07.698354" elapsed="0.680315"/>
</kw>
<msg time="2025-01-26T11:14:08.378778" level="INFO">xpath criteria: //android.widget.TextView[@resource-id="com.example.myapplication:id/textView"]
xpath criteria: //android.widget.TextView[@resource-id="com.example.myapplication:id/textView"]
xpath criteria: //android.widget.TextView[@resource-id="com.example.myapplication:id/textView"]
xpath criteria: //android.widget.TextView[@resource-id="com.example.myapplication:id/textView"]
xpath criteria: //android.widget.TextView[@resource-id="com.example.myapplication:id/textView"]
xpath criteria: //android.widget.TextView[@resource-id="com.example.myapplication:id/textView"]
xpath criteria: //android.widget.TextView[@resource-id="com.example.myapplication:id/textView"]
xpath criteria: //android.widget.TextView[@resource-id="com.example.myapplication:id/textView"]
xpath criteria: //android.widget.TextView[@resource-id="com.example.myapplication:id/textView"]
xpath criteria: //android.widget.TextView[@resource-id="com.example.myapplication:id/textView"]
xpath criteria: //android.widget.TextView[@resource-id="com.example.myapplication:id/textView"]
xpath criteria: //android.widget.TextView[@resource-id="com.example.myapplication:id/textView"]</msg>
<msg time="2025-01-26T11:14:08.378885" level="FAIL">Element locator '//android.widget.TextView[@resource-id="com.example.myapplication:id/textView"]' did not match any elements after 5 seconds</msg>
<arg>//android.widget.TextView[@resource-id="com.example.myapplication:id/textView"]</arg>
<doc>Waits until element specified with `locator` is visible.</doc>
<status status="FAIL" start="2025-01-26T11:14:02.023315" elapsed="6.356529">Element locator '//android.widget.TextView[@resource-id="com.example.myapplication:id/textView"]' did not match any elements after 5 seconds</status>
</kw>
<status status="FAIL" start="2025-01-26T11:14:02.023110" elapsed="6.356852">Element locator '//android.widget.TextView[@resource-id="com.example.myapplication:id/textView"]' did not match any elements after 5 seconds</status>
</kw>
<kw name="Close Flight Application" owner="base" type="TEARDOWN">
<kw name="Close Application" owner="AppiumLibrary">
<doc>Closes the current application and also close webdriver session.</doc>
<status status="PASS" start="2025-01-26T11:14:08.380683" elapsed="0.544032"/>
</kw>
<status status="PASS" start="2025-01-26T11:14:08.380478" elapsed="0.544339"/>
</kw>
<status status="FAIL" start="2025-01-26T11:13:49.877665" elapsed="19.047382">Element locator '//android.widget.TextView[@resource-id="com.example.myapplication:id/textView"]' did not match any elements after 5 seconds</status>
</test>
<status status="FAIL" start="2025-01-26T11:13:34.550175" elapsed="34.375963"/>
</suite>
<statistics>
<total>
<stat pass="1" fail="1" skip="0">All Tests</stat>
</total>
<tag>
</tag>
<suite>
<stat name="Login" id="s1" pass="1" fail="1" skip="0">Login</stat>
</suite>
</statistics>
<errors>
</errors>
</robot>
